

Started GET "/assets/rails.png" for 69.203.18.203 at 2015-07-21 19:42:04 -0400
  [1m[36m (35.4ms)[0m  [1mCREATE TABLE "schema_migrations" ("version" varchar(255) NOT NULL) [0m
  [1m[35m (0.2ms)[0m  select sqlite_version(*)
  [1m[36m (7.1ms)[0m  [1mCREATE UNIQUE INDEX "unique_schema_migrations" ON "schema_migrations" ("version")[0m
  [1m[35mActiveRecord::SchemaMigration Load (0.2ms)[0m  SELECT "schema_migrations".* FROM "schema_migrations"
Migrating to CreateMovies (20150721234256)
  [1m[36m (0.2ms)[0m  [1mbegin transaction[0m
  [1m[35m (0.6ms)[0m  CREATE TABLE "movies" ("id" INTEGER PRIMARY KEY AUTOINCREMENT NOT NULL, "title" varchar(255), "image" varchar(255), "release_year" varchar(255), "plot" varchar(255), "created_at" datetime, "updated_at" datetime) 
  [1m[36mSQL (0.2ms)[0m  [1mINSERT INTO "schema_migrations" ("version") VALUES (?)[0m  [["version", "20150721234256"]]
  [1m[35m (3.3ms)[0m  commit transaction
Migrating to CreateActors (20150721234304)
  [1m[36m (0.1ms)[0m  [1mbegin transaction[0m
  [1m[35m (0.6ms)[0m  CREATE TABLE "actors" ("id" INTEGER PRIMARY KEY AUTOINCREMENT NOT NULL, "first_name" varchar(255), "last_name" varchar(255), "image" varchar(255), "bio" varchar(255), "created_at" datetime, "updated_at" datetime) 
  [1m[36mSQL (0.2ms)[0m  [1mINSERT INTO "schema_migrations" ("version") VALUES (?)[0m  [["version", "20150721234304"]]
  [1m[35m (12.5ms)[0m  commit transaction
Migrating to CreateParts (20150721234317)
  [1m[36m (0.1ms)[0m  [1mbegin transaction[0m
  [1m[35m (0.4ms)[0m  CREATE TABLE "parts" ("id" INTEGER PRIMARY KEY AUTOINCREMENT NOT NULL, "movie_id" integer, "actor_id" integer, "created_at" datetime, "updated_at" datetime) 
  [1m[36m (0.1ms)[0m  [1mCREATE  INDEX "index_parts_on_movie_id" ON "parts" ("movie_id")[0m
  [1m[35m (0.1ms)[0m              SELECT sql
            FROM sqlite_master
            WHERE name='index_parts_on_movie_id' AND type='index'
            UNION ALL
            SELECT sql
            FROM sqlite_temp_master
            WHERE name='index_parts_on_movie_id' AND type='index'

  [1m[36m (0.2ms)[0m  [1mCREATE  INDEX "index_parts_on_actor_id" ON "parts" ("actor_id")[0m
  [1m[35mSQL (0.1ms)[0m  INSERT INTO "schema_migrations" ("version") VALUES (?)  [["version", "20150721234317"]]
  [1m[36m (30.8ms)[0m  [1mcommit transaction[0m
  [1m[35mActiveRecord::SchemaMigration Load (0.1ms)[0m  SELECT "schema_migrations".* FROM "schema_migrations"
  [1m[36m (0.3ms)[0m  [1m            SELECT sql
            FROM sqlite_master
            WHERE name='index_parts_on_actor_id' AND type='index'
            UNION ALL
            SELECT sql
            FROM sqlite_temp_master
            WHERE name='index_parts_on_actor_id' AND type='index'
[0m
  [1m[35m (0.2ms)[0m              SELECT sql
            FROM sqlite_master
            WHERE name='index_parts_on_movie_id' AND type='index'
            UNION ALL
            SELECT sql
            FROM sqlite_temp_master
            WHERE name='index_parts_on_movie_id' AND type='index'

  [1m[36mActiveRecord::SchemaMigration Load (0.1ms)[0m  [1mSELECT "schema_migrations".* FROM "schema_migrations"[0m
  [1m[35m (0.1ms)[0m  begin transaction
  [1m[36mSQL (0.3ms)[0m  [1mINSERT INTO "actors" ("bio", "created_at", "first_name", "image", "last_name", "updated_at") VALUES (?, ?, ?, ?, ?, ?)[0m  [["bio", "George Timothy Clooney is an American actor, writer, producer, director, and activist. He has received three Golden Globe Awards for his ..."], ["created_at", "2015-07-21 23:50:51.043065"], ["first_name", "George"], ["image", "http://s3.amazonaws.com/codecademy-content/courses/learn-rails/img/george-clooney.jpg"], ["last_name", "Clooney"], ["updated_at", "2015-07-21 23:50:51.043065"]]
  [1m[35m (2.7ms)[0m  commit transaction
  [1m[36m (0.0ms)[0m  [1mbegin transaction[0m
  [1m[35mSQL (0.1ms)[0m  INSERT INTO "actors" ("bio", "created_at", "first_name", "image", "last_name", "updated_at") VALUES (?, ?, ?, ?, ?, ?)  [["bio", "Matthew Paige \"Matt\" Damon is an American actor, voice actor, screenwriter, producer, and philanthropist."], ["created_at", "2015-07-21 23:50:51.070741"], ["first_name", "Matt"], ["image", "http://s3.amazonaws.com/codecademy-content/courses/learn-rails/img/matt-damon.jpg"], ["last_name", "Damon"], ["updated_at", "2015-07-21 23:50:51.070741"]]
  [1m[36m (6.3ms)[0m  [1mcommit transaction[0m
  [1m[35m (0.0ms)[0m  begin transaction
  [1m[36mSQL (0.1ms)[0m  [1mINSERT INTO "actors" ("bio", "created_at", "first_name", "image", "last_name", "updated_at") VALUES (?, ?, ?, ?, ?, ?)[0m  [["bio", "William Bradley \"Brad\" Pitt is an American actor and producer. He has received a Golden Globe Award, a Screen Actors Guild Award, and thr..."], ["created_at", "2015-07-21 23:50:51.078331"], ["first_name", "Brad"], ["image", "http://s3.amazonaws.com/codecademy-content/courses/learn-rails/img/brad-pitt.jpg"], ["last_name", "Pitt"], ["updated_at", "2015-07-21 23:50:51.078331"]]
  [1m[35m (12.4ms)[0m  commit transaction
  [1m[36m (0.1ms)[0m  [1mbegin transaction[0m
  [1m[35mSQL (0.1ms)[0m  INSERT INTO "actors" ("bio", "created_at", "first_name", "image", "last_name", "updated_at") VALUES (?, ?, ?, ?, ?, ?)  [["bio", "Elliott Gould is an American actor. He began acting in Hollywood films during the 1960s, and has remained prolific ever since. "], ["created_at", "2015-07-21 23:50:51.092024"], ["first_name", "Elliot"], ["image", "http://s3.amazonaws.com/codecademy-content/courses/learn-rails/img/elliot-gould.jpg"], ["last_name", "Gould"], ["updated_at", "2015-07-21 23:50:51.092024"]]
  [1m[36m (3.3ms)[0m  [1mcommit transaction[0m
  [1m[35m (0.0ms)[0m  begin transaction
  [1m[36mSQL (0.1ms)[0m  [1mINSERT INTO "actors" ("bio", "created_at", "first_name", "image", "last_name", "updated_at") VALUES (?, ?, ?, ?, ?, ?)[0m  [["bio", "Julia Fiona Roberts is an American actress and producer. She became a Hollywood star after headlining the romantic comedy Pretty Woman, w..."], ["created_at", "2015-07-21 23:50:51.096532"], ["first_name", "Julia"], ["image", "http://s3.amazonaws.com/codecademy-content/courses/learn-rails/img/julia-roberts.jpg"], ["last_name", "Roberts"], ["updated_at", "2015-07-21 23:50:51.096532"]]
  [1m[35m (5.0ms)[0m  commit transaction
  [1m[36m (0.1ms)[0m  [1mbegin transaction[0m
  [1m[35mSQL (0.1ms)[0m  INSERT INTO "actors" ("bio", "created_at", "first_name", "image", "last_name", "updated_at") VALUES (?, ?, ?, ?, ?, ?)  [["bio", "Mark Robert Michael Wahlberg is an American actor, producer, model, and former rapper. He was known as Marky Mark in his earlier years, b..."], ["created_at", "2015-07-21 23:50:51.102851"], ["first_name", "Mark"], ["image", "http://s3.amazonaws.com/codecademy-content/courses/learn-rails/img/mark-wahlberg.jpg"], ["last_name", "Wahlberg"], ["updated_at", "2015-07-21 23:50:51.102851"]]
  [1m[36m (3.0ms)[0m  [1mcommit transaction[0m
  [1m[35m (0.0ms)[0m  begin transaction
  [1m[36mSQL (0.1ms)[0m  [1mINSERT INTO "actors" ("bio", "created_at", "first_name", "image", "last_name", "updated_at") VALUES (?, ?, ?, ?, ?, ?)[0m  [["bio", "Marion Cotillard is a French actress, singer, songwriter, environmentalist and spokesperson for Greenpeace."], ["created_at", "2015-07-21 23:50:51.107126"], ["first_name", "Marion"], ["image", "http://s3.amazonaws.com/codecademy-content/courses/learn-rails/img/marion-cotillard.jpg"], ["last_name", "Cotillard"], ["updated_at", "2015-07-21 23:50:51.107126"]]
  [1m[35m (7.5ms)[0m  commit transaction
  [1m[36m (0.1ms)[0m  [1mbegin transaction[0m
  [1m[35mSQL (0.1ms)[0m  INSERT INTO "actors" ("bio", "created_at", "first_name", "image", "last_name", "updated_at") VALUES (?, ?, ?, ?, ?, ?)  [["bio", "Laurence John Fishburne III is an American actor, playwright, director, and producer. He is best known for his roles as Morpheus in the M..."], ["created_at", "2015-07-21 23:50:51.115957"], ["first_name", "Laurence"], ["image", "http://s3.amazonaws.com/codecademy-content/courses/learn-rails/img/laurence-fishburne.jpg"], ["last_name", "Fishburne"], ["updated_at", "2015-07-21 23:50:51.115957"]]
  [1m[36m (3.5ms)[0m  [1mcommit transaction[0m
  [1m[35m (0.0ms)[0m  begin transaction
  [1m[36mSQL (0.1ms)[0m  [1mINSERT INTO "actors" ("bio", "created_at", "first_name", "image", "last_name", "updated_at") VALUES (?, ?, ?, ?, ?, ?)[0m  [["bio", "David Jude Heyworth Law, known professionally as Jude Law, is an English actor, film producer and director. He began acting with the Nati..."], ["created_at", "2015-07-21 23:50:51.120601"], ["first_name", "Jude"], ["image", "http://s3.amazonaws.com/codecademy-content/courses/learn-rails/img/jude-law.jpg"], ["last_name", "Law"], ["updated_at", "2015-07-21 23:50:51.120601"]]
  [1m[35m (2.6ms)[0m  commit transaction
  [1m[36m (0.0ms)[0m  [1mbegin transaction[0m
  [1m[35mSQL (0.2ms)[0m  INSERT INTO "actors" ("bio", "created_at", "first_name", "image", "last_name", "updated_at") VALUES (?, ?, ?, ?, ?, ?)  [["bio", "Gwyneth Kate Paltrow is an American actress, singer, and food writer. Paltrow gained early notice for her work in films such as the psych..."], ["created_at", "2015-07-21 23:50:51.124406"], ["first_name", "Gwyneth"], ["image", "http://s3.amazonaws.com/codecademy-content/courses/learn-rails/img/gwyneth-paltrow.jpg"], ["last_name", "Paltrow"], ["updated_at", "2015-07-21 23:50:51.124406"]]
  [1m[36m (2.9ms)[0m  [1mcommit transaction[0m
  [1m[35m (0.0ms)[0m  begin transaction
  [1m[36mSQL (0.1ms)[0m  [1mINSERT INTO "actors" ("bio", "created_at", "first_name", "image", "last_name", "updated_at") VALUES (?, ?, ?, ?, ?, ?)[0m  [["bio", "Kate Elizabeth Winslet, CBE, is an English actress and singer. She is the recipient of an Academy Award, an Emmy Award, three Golden Glob..."], ["created_at", "2015-07-21 23:50:51.128569"], ["first_name", "Kate"], ["image", "http://s3.amazonaws.com/codecademy-content/courses/learn-rails/img/kate-winslet.jpg"], ["last_name", "Winslet"], ["updated_at", "2015-07-21 23:50:51.128569"]]
  [1m[35m (2.6ms)[0m  commit transaction
  [1m[36m (0.0ms)[0m  [1mbegin transaction[0m
  [1m[35mSQL (0.1ms)[0m  INSERT INTO "actors" ("bio", "created_at", "first_name", "image", "last_name", "updated_at") VALUES (?, ?, ?, ?, ?, ?)  [["bio", "Bryan Lee Cranston is an American actor, voice actor, screenwriter, director and producer. Cranston is best known for portraying Walter W..."], ["created_at", "2015-07-21 23:50:51.132398"], ["first_name", "Bryan"], ["image", "http://s3.amazonaws.com/codecademy-content/courses/learn-rails/img/bryan-cranston.jpg"], ["last_name", "Cranston"], ["updated_at", "2015-07-21 23:50:51.132398"]]
  [1m[36m (2.6ms)[0m  [1mcommit transaction[0m
  [1m[35m (0.0ms)[0m  begin transaction
  [1m[36mSQL (0.1ms)[0m  [1mINSERT INTO "actors" ("bio", "created_at", "first_name", "image", "last_name", "updated_at") VALUES (?, ?, ?, ?, ?, ?)[0m  [["bio", "Leonardo Wilhelm DiCaprio is an American actor and film producer. He has been nominated for ten Golden Globe Awards, winning two, and fo..."], ["created_at", "2015-07-21 23:50:51.136271"], ["first_name", "Leonardo"], ["image", "http://s3.amazonaws.com/codecademy-content/courses/learn-rails/img/leonardo-dicaprio.jpg"], ["last_name", "DiCaprio"], ["updated_at", "2015-07-21 23:50:51.136271"]]
  [1m[35m (4.3ms)[0m  commit transaction
  [1m[36m (0.0ms)[0m  [1mbegin transaction[0m
  [1m[35mSQL (0.1ms)[0m  INSERT INTO "actors" ("bio", "created_at", "first_name", "image", "last_name", "updated_at") VALUES (?, ?, ?, ?, ?, ?)  [["bio", "John Joseph \"Jack\" Nicholson is an American actor, film director, producer, and writer. Throughout his career, Nicholson has portrayed un..."], ["created_at", "2015-07-21 23:50:51.141801"], ["first_name", "Jack"], ["image", "http://s3.amazonaws.com/codecademy-content/courses/learn-rails/img/jack-nicholson.jpg"], ["last_name", "Nicholson"], ["updated_at", "2015-07-21 23:50:51.141801"]]
  [1m[36m (31.1ms)[0m  [1mcommit transaction[0m
  [1m[35m (0.1ms)[0m  begin transaction
  [1m[36mSQL (0.2ms)[0m  [1mINSERT INTO "actors" ("bio", "created_at", "first_name", "image", "last_name", "updated_at") VALUES (?, ?, ?, ?, ?, ?)[0m  [["bio", "Joseph Leonard Gordon-Levitt is an American actor and filmmaker. As a child star, he appeared in the films A River Runs Through It, Angel..."], ["created_at", "2015-07-21 23:50:51.174320"], ["first_name", "Joseph"], ["image", "http://s3.amazonaws.com/codecademy-content/courses/learn-rails/img/joseph-gordon-levitt.jpg"], ["last_name", "Gordon-Levitt"], ["updated_at", "2015-07-21 23:50:51.174320"]]
  [1m[35m (3.0ms)[0m  commit transaction
  [1m[36m (0.0ms)[0m  [1mbegin transaction[0m
  [1m[35mSQL (0.2ms)[0m  INSERT INTO "actors" ("bio", "created_at", "first_name", "image", "last_name", "updated_at") VALUES (?, ?, ?, ?, ?, ?)  [["bio", "Edward Thomas \"Tom\" Hardy is an English actor. Hardy's notable film roles include the science fiction film Star Trek: Nemesis, the Guy Ri..."], ["created_at", "2015-07-21 23:50:51.178597"], ["first_name", "Tom"], ["image", "http://s3.amazonaws.com/codecademy-content/courses/learn-rails/img/tom-hardy.jpg"], ["last_name", "Hardy"], ["updated_at", "2015-07-21 23:50:51.178597"]]
  [1m[36m (2.6ms)[0m  [1mcommit transaction[0m
  [1m[35m (0.0ms)[0m  begin transaction
  [1m[36mSQL (0.1ms)[0m  [1mINSERT INTO "actors" ("bio", "created_at", "first_name", "image", "last_name", "updated_at") VALUES (?, ?, ?, ?, ?, ?)[0m  [["bio", "Cillian Murphy is an Irish actor of stage and screen. Since making his debut in his home country in the late 1990s, Murphy has also becom..."], ["created_at", "2015-07-21 23:50:51.182776"], ["first_name", "Cillian"], ["image", "http://s3.amazonaws.com/codecademy-content/courses/learn-rails/img/cillian-murphy.jpg"], ["last_name", "Murphy"], ["updated_at", "2015-07-21 23:50:51.182776"]]
  [1m[35m (3.6ms)[0m  commit transaction
  [1m[36m (0.0ms)[0m  [1mbegin transaction[0m
  [1m[35mSQL (0.1ms)[0m  INSERT INTO "actors" ("bio", "created_at", "first_name", "image", "last_name", "updated_at") VALUES (?, ?, ?, ?, ?, ?)  [["bio", "Christian Charles Philip Bale is an English actor. He has starred in both blockbuster films and smaller projects from independent produce..."], ["created_at", "2015-07-21 23:50:51.187561"], ["first_name", "Christian"], ["image", "http://s3.amazonaws.com/codecademy-content/courses/learn-rails/img/christian-bale.jpg"], ["last_name", "Bale"], ["updated_at", "2015-07-21 23:50:51.187561"]]
  [1m[36m (2.9ms)[0m  [1mcommit transaction[0m
  [1m[35m (0.0ms)[0m  begin transaction
  [1m[36mSQL (0.1ms)[0m  [1mINSERT INTO "actors" ("bio", "created_at", "first_name", "image", "last_name", "updated_at") VALUES (?, ?, ?, ?, ?, ?)[0m  [["bio", "Morgan Freeman is an American actor, film director, and narrator. Freeman has received Academy Award nominations for his performances in ..."], ["created_at", "2015-07-21 23:50:51.191648"], ["first_name", "Morgan"], ["image", "http://s3.amazonaws.com/codecademy-content/courses/learn-rails/img/morgan-freeman.jpg"], ["last_name", "Freeman"], ["updated_at", "2015-07-21 23:50:51.191648"]]
  [1m[35m (2.8ms)[0m  commit transaction
  [1m[36m (0.0ms)[0m  [1mbegin transaction[0m
  [1m[35mSQL (0.1ms)[0m  INSERT INTO "actors" ("bio", "created_at", "first_name", "image", "last_name", "updated_at") VALUES (?, ?, ?, ?, ?, ?)  [["bio", "Robert John Downey Jr. is an American actor, producer, and singer. Making his screen debut at the age of five, appearing in his father Ro..."], ["created_at", "2015-07-21 23:50:51.195732"], ["first_name", "Robert"], ["image", "http://s3.amazonaws.com/codecademy-content/courses/learn-rails/img/rdj.jpg"], ["last_name", "Downey Jr."], ["updated_at", "2015-07-21 23:50:51.195732"]]
  [1m[36m (17.0ms)[0m  [1mcommit transaction[0m
  [1m[35m (0.1ms)[0m  begin transaction
  [1m[36mSQL (0.1ms)[0m  [1mINSERT INTO "actors" ("bio", "created_at", "first_name", "image", "last_name", "updated_at") VALUES (?, ?, ?, ?, ?, ?)[0m  [["bio", "Terrence Dashon Howard is an American actor and singer. Having his first major role in the 1995 film Dead Presidents, and Mr. Holland's O..."], ["created_at", "2015-07-21 23:50:51.214073"], ["first_name", "Terrence"], ["image", "http://s3.amazonaws.com/codecademy-content/courses/learn-rails/img/terrence-howard.jpg"], ["last_name", "Howard"], ["updated_at", "2015-07-21 23:50:51.214073"]]
  [1m[35m (3.8ms)[0m  commit transaction
  [1m[36m (0.1ms)[0m  [1mbegin transaction[0m
  [1m[35mSQL (0.1ms)[0m  INSERT INTO "actors" ("bio", "created_at", "first_name", "image", "last_name", "updated_at") VALUES (?, ?, ?, ?, ?, ?)  [["bio", "Jeffrey Leon \"Jeff\" Bridges is an American actor, country musician, and producer. He comes from a well-known acting family and began his ..."], ["created_at", "2015-07-21 23:50:51.219117"], ["first_name", "Jeff"], ["image", "http://s3.amazonaws.com/codecademy-content/courses/learn-rails/img/jeff-bridges.jpg"], ["last_name", "Bridges"], ["updated_at", "2015-07-21 23:50:51.219117"]]
  [1m[36m (4.0ms)[0m  [1mcommit transaction[0m
  [1m[35m (0.0ms)[0m  begin transaction
  [1m[36mSQL (0.1ms)[0m  [1mINSERT INTO "actors" ("bio", "created_at", "first_name", "image", "last_name", "updated_at") VALUES (?, ?, ?, ?, ?, ?)[0m  [["bio", "Rachel Anne McAdams is a Canadian actress. After graduating from a four-year theatre program at York University in 2001, she initially wo..."], ["created_at", "2015-07-21 23:50:51.224223"], ["first_name", "Rachel"], ["image", "http://s3.amazonaws.com/codecademy-content/courses/learn-rails/img/rachel-mcadams.jpg"], ["last_name", "McAdams"], ["updated_at", "2015-07-21 23:50:51.224223"]]
  [1m[35m (3.1ms)[0m  commit transaction
  [1m[36m (0.1ms)[0m  [1mbegin transaction[0m
  [1m[35mSQL (0.1ms)[0m  INSERT INTO "actors" ("bio", "created_at", "first_name", "image", "last_name", "updated_at") VALUES (?, ?, ?, ?, ?, ?)  [["bio", "Mark Strong is an English film and television actor. He is best known for his role in the television series Our Friends in the North and ..."], ["created_at", "2015-07-21 23:50:51.228525"], ["first_name", "Mark"], ["image", "http://s3.amazonaws.com/codecademy-content/courses/learn-rails/img/mark-strong.jpg"], ["last_name", "Strong"], ["updated_at", "2015-07-21 23:50:51.228525"]]
  [1m[36m (2.8ms)[0m  [1mcommit transaction[0m
  [1m[35m (0.0ms)[0m  begin transaction
  [1m[36mSQL (0.1ms)[0m  [1mINSERT INTO "actors" ("bio", "created_at", "first_name", "image", "last_name", "updated_at") VALUES (?, ?, ?, ?, ?, ?)[0m  [["bio", "Diane Lane is an American actress. Born and raised in New York City, Lane made her screen debut in George Roy Hill's 1979 film A Little R..."], ["created_at", "2015-07-21 23:50:51.232488"], ["first_name", "Diane"], ["image", "http://s3.amazonaws.com/codecademy-content/courses/learn-rails/img/diane-lane.jpg"], ["last_name", "Lane"], ["updated_at", "2015-07-21 23:50:51.232488"]]
  [1m[35m (3.0ms)[0m  commit transaction
  [1m[36m (0.0ms)[0m  [1mbegin transaction[0m
  [1m[35mSQL (0.1ms)[0m  INSERT INTO "actors" ("bio", "created_at", "first_name", "image", "last_name", "updated_at") VALUES (?, ?, ?, ?, ?, ?)  [["bio", "Ellen Philpotts-Page, known professionally as Ellen Page, is a Canadian actress. She started her career in Canada with roles in the telev..."], ["created_at", "2015-07-21 23:50:51.236720"], ["first_name", "Ellen"], ["image", "http://s3.amazonaws.com/codecademy-content/courses/learn-rails/img/ellen-page.jpg"], ["last_name", "Page"], ["updated_at", "2015-07-21 23:50:51.236720"]]
  [1m[36m (4.1ms)[0m  [1mcommit transaction[0m
  [1m[35m (0.0ms)[0m  begin transaction
  [1m[36mSQL (0.1ms)[0m  [1mINSERT INTO "actors" ("bio", "created_at", "first_name", "image", "last_name", "updated_at") VALUES (?, ?, ?, ?, ?, ?)[0m  [["bio", "Anne Jacqueline Hathaway is an American actress, singer, and producer. After several stage roles, she appeared in the 1999 television ser..."], ["created_at", "2015-07-21 23:50:51.242094"], ["first_name", "Anne"], ["image", "http://s3.amazonaws.com/codecademy-content/courses/learn-rails/img/anne-hathaway.jpg"], ["last_name", "Hathaway"], ["updated_at", "2015-07-21 23:50:51.242094"]]
  [1m[35m (3.2ms)[0m  commit transaction
  [1m[36m (0.0ms)[0m  [1mbegin transaction[0m
  [1m[35mSQL (0.1ms)[0m  INSERT INTO "actors" ("bio", "created_at", "first_name", "image", "last_name", "updated_at") VALUES (?, ?, ?, ?, ?, ?)  [["bio", "Sir Michael Caine, CBE is an English actor and author. Renowned for his distinctive Cockney accent, Caine has appeared in over 115 films ..."], ["created_at", "2015-07-21 23:50:51.246502"], ["first_name", "Michael"], ["image", "http://s3.amazonaws.com/codecademy-content/courses/learn-rails/img/michael-caine.jpg"], ["last_name", "Caine"], ["updated_at", "2015-07-21 23:50:51.246502"]]
  [1m[36m (2.5ms)[0m  [1mcommit transaction[0m
  [1m[35m (0.0ms)[0m  begin transaction
  [1m[36mSQL (0.1ms)[0m  [1mINSERT INTO "actors" ("bio", "created_at", "first_name", "image", "last_name", "updated_at") VALUES (?, ?, ?, ?, ?, ?)[0m  [["bio", "Natalie Portman is an Israeli-born American actress, producer, and director. Her first role was in the 1994 action thriller Léon: The Pr..."], ["created_at", "2015-07-21 23:50:51.250240"], ["first_name", "Natalie"], ["image", "http://s3.amazonaws.com/codecademy-content/courses/learn-rails/img/natalie-portman.png"], ["last_name", "Portman"], ["updated_at", "2015-07-21 23:50:51.250240"]]
  [1m[35m (41.2ms)[0m  commit transaction
  [1m[36m (0.1ms)[0m  [1mbegin transaction[0m
  [1m[35mSQL (0.1ms)[0m  INSERT INTO "actors" ("bio", "created_at", "first_name", "image", "last_name", "updated_at") VALUES (?, ?, ?, ?, ?, ?)  [["bio", "Clive Owen is an English actor who first gained recognition in the United Kingdom for playing the lead role in the ITV series Chancer fro..."], ["created_at", "2015-07-21 23:50:51.292823"], ["first_name", "Clive"], ["image", "http://s3.amazonaws.com/codecademy-content/courses/learn-rails/img/clive-owen.jpg"], ["last_name", "Owen"], ["updated_at", "2015-07-21 23:50:51.292823"]]
  [1m[36m (2.6ms)[0m  [1mcommit transaction[0m
  [1m[35m (0.1ms)[0m  begin transaction
  [1m[36mSQL (0.1ms)[0m  [1mINSERT INTO "actors" ("bio", "created_at", "first_name", "image", "last_name", "updated_at") VALUES (?, ?, ?, ?, ?, ?)[0m  [["bio", "Matthew David McConaughey is an American actor and producer. He first gained notice for his breakout role in the coming-of-age comedy Daz..."], ["created_at", "2015-07-21 23:50:51.296966"], ["first_name", "Matthew"], ["image", "http://s3.amazonaws.com/codecademy-content/courses/learn-rails/img/matthew-mcconaughey.jpg"], ["last_name", "McConaughey"], ["updated_at", "2015-07-21 23:50:51.296966"]]
  [1m[35m (2.7ms)[0m  commit transaction
  [1m[36m (1.6ms)[0m  [1mbegin transaction[0m
  [1m[35mSQL (0.2ms)[0m  INSERT INTO "movies" ("created_at", "image", "plot", "release_year", "title", "updated_at") VALUES (?, ?, ?, ?, ?, ?)  [["created_at", "2015-07-21 23:50:51.313584"], ["image", "http://s3.amazonaws.com/codecademy-content/courses/learn-rails/img/oceans-11.jpg"], ["plot", "Dapper Danny Ocean (George Clooney) is a man of action. Less than 24 hours into his parole from a New Jersey penitentiary, the wry, chari..."], ["release_year", "2001"], ["title", "Ocean's 11"], ["updated_at", "2015-07-21 23:50:51.313584"]]
  [1m[36m (10.5ms)[0m  [1mcommit transaction[0m
  [1m[35m (0.0ms)[0m  begin transaction
  [1m[36mSQL (0.1ms)[0m  [1mINSERT INTO "movies" ("created_at", "image", "plot", "release_year", "title", "updated_at") VALUES (?, ?, ?, ?, ?, ?)[0m  [["created_at", "2015-07-21 23:50:51.325770"], ["image", "http://s3.amazonaws.com/codecademy-content/courses/learn-rails/img/the-perfect-storm.jpg"], ["plot", "Based on a true story, the film tells of the courageous men and women who risk their lives every working day, pitting their fishing boats..."], ["release_year", "2000"], ["title", "The Perfect Storm"], ["updated_at", "2015-07-21 23:50:51.325770"]]
  [1m[35m (9.8ms)[0m  commit transaction
  [1m[36m (0.0ms)[0m  [1mbegin transaction[0m
  [1m[35mSQL (0.1ms)[0m  INSERT INTO "movies" ("created_at", "image", "plot", "release_year", "title", "updated_at") VALUES (?, ?, ?, ?, ?, ?)  [["created_at", "2015-07-21 23:50:51.336896"], ["image", "http://s3.amazonaws.com/codecademy-content/courses/learn-rails/img/contagion.jpg"], ["plot", "When Beth Emhoff (Gwyneth Paltrow) returns to Minnesota from a Hong Kong business trip, she attributes the malaise she feels to jet lag ..."], ["release_year", "2011"], ["title", "Contagion"], ["updated_at", "2015-07-21 23:50:51.336896"]]
  [1m[36m (3.8ms)[0m  [1mcommit transaction[0m
  [1m[35m (0.1ms)[0m  begin transaction
  [1m[36mSQL (0.1ms)[0m  [1mINSERT INTO "movies" ("created_at", "image", "plot", "release_year", "title", "updated_at") VALUES (?, ?, ?, ?, ?, ?)[0m  [["created_at", "2015-07-21 23:50:51.341845"], ["image", "http://s3.amazonaws.com/codecademy-content/courses/learn-rails/img/the-departed.jpg"], ["plot", "South Boston cop Billy Costigan (Leonardo DiCaprio) goes under cover to infiltrate the organization of gangland chief Frank Costello (Jac..."], ["release_year", "2006"], ["title", "The Departed"], ["updated_at", "2015-07-21 23:50:51.341845"]]
  [1m[35m (2.7ms)[0m  commit transaction
  [1m[36m (0.0ms)[0m  [1mbegin transaction[0m
  [1m[35mSQL (0.1ms)[0m  INSERT INTO "movies" ("created_at", "image", "plot", "release_year", "title", "updated_at") VALUES (?, ?, ?, ?, ?, ?)  [["created_at", "2015-07-21 23:50:51.345697"], ["image", "http://s3.amazonaws.com/codecademy-content/courses/learn-rails/img/inception.jpg"], ["plot", "Dom Cobb (Leonardo DiCaprio) is a thief with the rare ability to enter people's dreams and steal their secrets from their subconscious ..."], ["release_year", "2010"], ["title", "Inception"], ["updated_at", "2015-07-21 23:50:51.345697"]]
  [1m[36m (3.1ms)[0m  [1mcommit transaction[0m
  [1m[35m (0.1ms)[0m  begin transaction
  [1m[36mSQL (0.1ms)[0m  [1mINSERT INTO "movies" ("created_at", "image", "plot", "release_year", "title", "updated_at") VALUES (?, ?, ?, ?, ?, ?)[0m  [["created_at", "2015-07-21 23:50:51.350090"], ["image", "http://s3.amazonaws.com/codecademy-content/courses/learn-rails/img/dark-knight-rises.jpg"], ["plot", "It has been eight years since Batman (Christian Bale), in collusion with Commissioner Gordon (Gary Oldman), vanished into the night. Assu..."], ["release_year", "2012"], ["title", "The Dark Knight Rises"], ["updated_at", "2015-07-21 23:50:51.350090"]]
  [1m[35m (2.7ms)[0m  commit transaction
  [1m[36m (0.3ms)[0m  [1mbegin transaction[0m
  [1m[35mSQL (0.1ms)[0m  INSERT INTO "movies" ("created_at", "image", "plot", "release_year", "title", "updated_at") VALUES (?, ?, ?, ?, ?, ?)  [["created_at", "2015-07-21 23:50:51.354209"], ["image", "http://s3.amazonaws.com/codecademy-content/courses/learn-rails/img/iron-man.jpg"], ["plot", "A billionaire industrialist and genius inventor, Tony Stark (Robert Downey Jr.), is conducting weapons tests overseas, but terrorists kid..."], ["release_year", "2008"], ["title", "Iron Man"], ["updated_at", "2015-07-21 23:50:51.354209"]]
  [1m[36m (8.3ms)[0m  [1mcommit transaction[0m
  [1m[35m (0.0ms)[0m  begin transaction
  [1m[36mSQL (0.1ms)[0m  [1mINSERT INTO "movies" ("created_at", "image", "plot", "release_year", "title", "updated_at") VALUES (?, ?, ?, ?, ?, ?)[0m  [["created_at", "2015-07-21 23:50:51.363654"], ["image", "http://s3.amazonaws.com/codecademy-content/courses/learn-rails/img/sherlock-holmes.jpg"], ["plot", "When a string of brutal murders terrorizes London, it doesn't take long for legendary detective Sherlock Holmes (Robert Downey Jr.) and ..."], ["release_year", "2009"], ["title", "Sherlock Holmes"], ["updated_at", "2015-07-21 23:50:51.363654"]]
  [1m[35m (7.4ms)[0m  commit transaction
  [1m[36m (0.0ms)[0m  [1mbegin transaction[0m
  [1m[35mSQL (0.1ms)[0m  INSERT INTO "movies" ("created_at", "image", "plot", "release_year", "title", "updated_at") VALUES (?, ?, ?, ?, ?, ?)  [["created_at", "2015-07-21 23:50:51.372267"], ["image", "http://s3.amazonaws.com/codecademy-content/courses/learn-rails/img/closer.jpg"], ["plot", "Alice (Natalie Portman), who has moved to London, meets Dan (Jude Law) on the street. While looking at him, a taxi hits her. After taking ..."], ["release_year", "2004"], ["title", "Closer"], ["updated_at", "2015-07-21 23:50:51.372267"]]
  [1m[36m (3.2ms)[0m  [1mcommit transaction[0m
  [1m[35m (0.0ms)[0m  begin transaction
  [1m[36mSQL (0.2ms)[0m  [1mINSERT INTO "movies" ("created_at", "image", "plot", "release_year", "title", "updated_at") VALUES (?, ?, ?, ?, ?, ?)[0m  [["created_at", "2015-07-21 23:50:51.376638"], ["image", "http://s3.amazonaws.com/codecademy-content/courses/learn-rails/img/interstellar.jpg"], ["plot", "In Earth's future, a global crop blight and second Dust Bowl are slowly rendering the planet uninhabitable. Professor Brand (Michael Cai..."], ["release_year", "2014"], ["title", "Interstellar"], ["updated_at", "2015-07-21 23:50:51.376638"]]
  [1m[35m (3.3ms)[0m  commit transaction
  [1m[36m (0.1ms)[0m  [1mbegin transaction[0m
  [1m[35mSQL (0.2ms)[0m  INSERT INTO "parts" ("actor_id", "created_at", "movie_id", "updated_at") VALUES (?, ?, ?, ?)  [["actor_id", 1], ["created_at", "2015-07-21 23:50:51.428249"], ["movie_id", 1], ["updated_at", "2015-07-21 23:50:51.428249"]]
  [1m[36mSQL (0.1ms)[0m  [1mINSERT INTO "parts" ("actor_id", "created_at", "movie_id", "updated_at") VALUES (?, ?, ?, ?)[0m  [["actor_id", 2], ["created_at", "2015-07-21 23:50:51.430068"], ["movie_id", 1], ["updated_at", "2015-07-21 23:50:51.430068"]]
  [1m[35mSQL (0.1ms)[0m  INSERT INTO "parts" ("actor_id", "created_at", "movie_id", "updated_at") VALUES (?, ?, ?, ?)  [["actor_id", 3], ["created_at", "2015-07-21 23:50:51.431052"], ["movie_id", 1], ["updated_at", "2015-07-21 23:50:51.431052"]]
  [1m[36mSQL (0.1ms)[0m  [1mINSERT INTO "parts" ("actor_id", "created_at", "movie_id", "updated_at") VALUES (?, ?, ?, ?)[0m  [["actor_id", 4], ["created_at", "2015-07-21 23:50:51.432092"], ["movie_id", 1], ["updated_at", "2015-07-21 23:50:51.432092"]]
  [1m[35mSQL (0.1ms)[0m  INSERT INTO "parts" ("actor_id", "created_at", "movie_id", "updated_at") VALUES (?, ?, ?, ?)  [["actor_id", 5], ["created_at", "2015-07-21 23:50:51.434484"], ["movie_id", 1], ["updated_at", "2015-07-21 23:50:51.434484"]]
  [1m[36m (2.8ms)[0m  [1mcommit transaction[0m
  [1m[35m (0.0ms)[0m  begin transaction
  [1m[36mSQL (0.1ms)[0m  [1mINSERT INTO "parts" ("actor_id", "created_at", "movie_id", "updated_at") VALUES (?, ?, ?, ?)[0m  [["actor_id", 1], ["created_at", "2015-07-21 23:50:51.439061"], ["movie_id", 2], ["updated_at", "2015-07-21 23:50:51.439061"]]
  [1m[35mSQL (0.1ms)[0m  INSERT INTO "parts" ("actor_id", "created_at", "movie_id", "updated_at") VALUES (?, ?, ?, ?)  [["actor_id", 6], ["created_at", "2015-07-21 23:50:51.440116"], ["movie_id", 2], ["updated_at", "2015-07-21 23:50:51.440116"]]
  [1m[36mSQL (0.1ms)[0m  [1mINSERT INTO "parts" ("actor_id", "created_at", "movie_id", "updated_at") VALUES (?, ?, ?, ?)[0m  [["actor_id", 25], ["created_at", "2015-07-21 23:50:51.441107"], ["movie_id", 2], ["updated_at", "2015-07-21 23:50:51.441107"]]
  [1m[35m (23.3ms)[0m  commit transaction
  [1m[36m (0.1ms)[0m  [1mbegin transaction[0m
  [1m[35mSQL (0.2ms)[0m  INSERT INTO "parts" ("actor_id", "created_at", "movie_id", "updated_at") VALUES (?, ?, ?, ?)  [["actor_id", 7], ["created_at", "2015-07-21 23:50:51.466253"], ["movie_id", 3], ["updated_at", "2015-07-21 23:50:51.466253"]]
  [1m[36mSQL (0.1ms)[0m  [1mINSERT INTO "parts" ("actor_id", "created_at", "movie_id", "updated_at") VALUES (?, ?, ?, ?)[0m  [["actor_id", 8], ["created_at", "2015-07-21 23:50:51.467363"], ["movie_id", 3], ["updated_at", "2015-07-21 23:50:51.467363"]]
  [1m[35mSQL (0.1ms)[0m  INSERT INTO "parts" ("actor_id", "created_at", "movie_id", "updated_at") VALUES (?, ?, ?, ?)  [["actor_id", 9], ["created_at", "2015-07-21 23:50:51.468390"], ["movie_id", 3], ["updated_at", "2015-07-21 23:50:51.468390"]]
  [1m[36mSQL (0.1ms)[0m  [1mINSERT INTO "parts" ("actor_id", "created_at", "movie_id", "updated_at") VALUES (?, ?, ?, ?)[0m  [["actor_id", 10], ["created_at", "2015-07-21 23:50:51.469330"], ["movie_id", 3], ["updated_at", "2015-07-21 23:50:51.469330"]]
  [1m[35mSQL (0.1ms)[0m  INSERT INTO "parts" ("actor_id", "created_at", "movie_id", "updated_at") VALUES (?, ?, ?, ?)  [["actor_id", 11], ["created_at", "2015-07-21 23:50:51.470286"], ["movie_id", 3], ["updated_at", "2015-07-21 23:50:51.470286"]]
  [1m[36mSQL (0.1ms)[0m  [1mINSERT INTO "parts" ("actor_id", "created_at", "movie_id", "updated_at") VALUES (?, ?, ?, ?)[0m  [["actor_id", 12], ["created_at", "2015-07-21 23:50:51.471290"], ["movie_id", 3], ["updated_at", "2015-07-21 23:50:51.471290"]]
  [1m[35mSQL (0.1ms)[0m  INSERT INTO "parts" ("actor_id", "created_at", "movie_id", "updated_at") VALUES (?, ?, ?, ?)  [["actor_id", 4], ["created_at", "2015-07-21 23:50:51.472279"], ["movie_id", 3], ["updated_at", "2015-07-21 23:50:51.472279"]]
  [1m[36mSQL (0.1ms)[0m  [1mINSERT INTO "parts" ("actor_id", "created_at", "movie_id", "updated_at") VALUES (?, ?, ?, ?)[0m  [["actor_id", 2], ["created_at", "2015-07-21 23:50:51.473223"], ["movie_id", 3], ["updated_at", "2015-07-21 23:50:51.473223"]]
  [1m[35m (13.5ms)[0m  commit transaction
  [1m[36m (0.1ms)[0m  [1mbegin transaction[0m
  [1m[35mSQL (0.3ms)[0m  INSERT INTO "parts" ("actor_id", "created_at", "movie_id", "updated_at") VALUES (?, ?, ?, ?)  [["actor_id", 2], ["created_at", "2015-07-21 23:50:51.488377"], ["movie_id", 4], ["updated_at", "2015-07-21 23:50:51.488377"]]
  [1m[36mSQL (0.1ms)[0m  [1mINSERT INTO "parts" ("actor_id", "created_at", "movie_id", "updated_at") VALUES (?, ?, ?, ?)[0m  [["actor_id", 13], ["created_at", "2015-07-21 23:50:51.490686"], ["movie_id", 4], ["updated_at", "2015-07-21 23:50:51.490686"]]
  [1m[35mSQL (0.1ms)[0m  INSERT INTO "parts" ("actor_id", "created_at", "movie_id", "updated_at") VALUES (?, ?, ?, ?)  [["actor_id", 14], ["created_at", "2015-07-21 23:50:51.492270"], ["movie_id", 4], ["updated_at", "2015-07-21 23:50:51.492270"]]
  [1m[36mSQL (0.1ms)[0m  [1mINSERT INTO "parts" ("actor_id", "created_at", "movie_id", "updated_at") VALUES (?, ?, ?, ?)[0m  [["actor_id", 6], ["created_at", "2015-07-21 23:50:51.493234"], ["movie_id", 4], ["updated_at", "2015-07-21 23:50:51.493234"]]
  [1m[35m (32.9ms)[0m  commit transaction
  [1m[36m (0.1ms)[0m  [1mbegin transaction[0m
  [1m[35mSQL (0.2ms)[0m  INSERT INTO "parts" ("actor_id", "created_at", "movie_id", "updated_at") VALUES (?, ?, ?, ?)  [["actor_id", 13], ["created_at", "2015-07-21 23:50:51.528117"], ["movie_id", 5], ["updated_at", "2015-07-21 23:50:51.528117"]]
  [1m[36mSQL (0.1ms)[0m  [1mINSERT INTO "parts" ("actor_id", "created_at", "movie_id", "updated_at") VALUES (?, ?, ?, ?)[0m  [["actor_id", 26], ["created_at", "2015-07-21 23:50:51.529272"], ["movie_id", 5], ["updated_at", "2015-07-21 23:50:51.529272"]]
  [1m[35mSQL (0.1ms)[0m  INSERT INTO "parts" ("actor_id", "created_at", "movie_id", "updated_at") VALUES (?, ?, ?, ?)  [["actor_id", 15], ["created_at", "2015-07-21 23:50:51.530237"], ["movie_id", 5], ["updated_at", "2015-07-21 23:50:51.530237"]]
  [1m[36mSQL (0.1ms)[0m  [1mINSERT INTO "parts" ("actor_id", "created_at", "movie_id", "updated_at") VALUES (?, ?, ?, ?)[0m  [["actor_id", 16], ["created_at", "2015-07-21 23:50:51.531216"], ["movie_id", 5], ["updated_at", "2015-07-21 23:50:51.531216"]]
  [1m[35mSQL (0.1ms)[0m  INSERT INTO "parts" ("actor_id", "created_at", "movie_id", "updated_at") VALUES (?, ?, ?, ?)  [["actor_id", 7], ["created_at", "2015-07-21 23:50:51.532187"], ["movie_id", 5], ["updated_at", "2015-07-21 23:50:51.532187"]]
  [1m[36mSQL (0.1ms)[0m  [1mINSERT INTO "parts" ("actor_id", "created_at", "movie_id", "updated_at") VALUES (?, ?, ?, ?)[0m  [["actor_id", 17], ["created_at", "2015-07-21 23:50:51.533201"], ["movie_id", 5], ["updated_at", "2015-07-21 23:50:51.533201"]]
  [1m[35mSQL (0.1ms)[0m  INSERT INTO "parts" ("actor_id", "created_at", "movie_id", "updated_at") VALUES (?, ?, ?, ?)  [["actor_id", 28], ["created_at", "2015-07-21 23:50:51.534149"], ["movie_id", 5], ["updated_at", "2015-07-21 23:50:51.534149"]]
  [1m[36m (2.9ms)[0m  [1mcommit transaction[0m
  [1m[35m (0.0ms)[0m  begin transaction
  [1m[36mSQL (0.1ms)[0m  [1mINSERT INTO "parts" ("actor_id", "created_at", "movie_id", "updated_at") VALUES (?, ?, ?, ?)[0m  [["actor_id", 18], ["created_at", "2015-07-21 23:50:51.538822"], ["movie_id", 6], ["updated_at", "2015-07-21 23:50:51.538822"]]
  [1m[35mSQL (0.1ms)[0m  INSERT INTO "parts" ("actor_id", "created_at", "movie_id", "updated_at") VALUES (?, ?, ?, ?)  [["actor_id", 19], ["created_at", "2015-07-21 23:50:51.539895"], ["movie_id", 6], ["updated_at", "2015-07-21 23:50:51.539895"]]
  [1m[36mSQL (0.1ms)[0m  [1mINSERT INTO "parts" ("actor_id", "created_at", "movie_id", "updated_at") VALUES (?, ?, ?, ?)[0m  [["actor_id", 28], ["created_at", "2015-07-21 23:50:51.542320"], ["movie_id", 6], ["updated_at", "2015-07-21 23:50:51.542320"]]
  [1m[35mSQL (0.1ms)[0m  INSERT INTO "parts" ("actor_id", "created_at", "movie_id", "updated_at") VALUES (?, ?, ?, ?)  [["actor_id", 16], ["created_at", "2015-07-21 23:50:51.543264"], ["movie_id", 6], ["updated_at", "2015-07-21 23:50:51.543264"]]
  [1m[36mSQL (0.1ms)[0m  [1mINSERT INTO "parts" ("actor_id", "created_at", "movie_id", "updated_at") VALUES (?, ?, ?, ?)[0m  [["actor_id", 7], ["created_at", "2015-07-21 23:50:51.544328"], ["movie_id", 6], ["updated_at", "2015-07-21 23:50:51.544328"]]
  [1m[35mSQL (0.1ms)[0m  INSERT INTO "parts" ("actor_id", "created_at", "movie_id", "updated_at") VALUES (?, ?, ?, ?)  [["actor_id", 17], ["created_at", "2015-07-21 23:50:51.545293"], ["movie_id", 6], ["updated_at", "2015-07-21 23:50:51.545293"]]
  [1m[36mSQL (0.1ms)[0m  [1mINSERT INTO "parts" ("actor_id", "created_at", "movie_id", "updated_at") VALUES (?, ?, ?, ?)[0m  [["actor_id", 15], ["created_at", "2015-07-21 23:50:51.546239"], ["movie_id", 6], ["updated_at", "2015-07-21 23:50:51.546239"]]
  [1m[35mSQL (0.1ms)[0m  INSERT INTO "parts" ("actor_id", "created_at", "movie_id", "updated_at") VALUES (?, ?, ?, ?)  [["actor_id", 27], ["created_at", "2015-07-21 23:50:51.547235"], ["movie_id", 6], ["updated_at", "2015-07-21 23:50:51.547235"]]
  [1m[36m (9.5ms)[0m  [1mcommit transaction[0m
  [1m[35m (0.1ms)[0m  begin transaction
  [1m[36mSQL (0.1ms)[0m  [1mINSERT INTO "parts" ("actor_id", "created_at", "movie_id", "updated_at") VALUES (?, ?, ?, ?)[0m  [["actor_id", 20], ["created_at", "2015-07-21 23:50:51.558512"], ["movie_id", 7], ["updated_at", "2015-07-21 23:50:51.558512"]]
  [1m[35mSQL (0.1ms)[0m  INSERT INTO "parts" ("actor_id", "created_at", "movie_id", "updated_at") VALUES (?, ?, ?, ?)  [["actor_id", 21], ["created_at", "2015-07-21 23:50:51.559577"], ["movie_id", 7], ["updated_at", "2015-07-21 23:50:51.559577"]]
  [1m[36mSQL (0.1ms)[0m  [1mINSERT INTO "parts" ("actor_id", "created_at", "movie_id", "updated_at") VALUES (?, ?, ?, ?)[0m  [["actor_id", 22], ["created_at", "2015-07-21 23:50:51.560641"], ["movie_id", 7], ["updated_at", "2015-07-21 23:50:51.560641"]]
  [1m[35mSQL (0.1ms)[0m  INSERT INTO "parts" ("actor_id", "created_at", "movie_id", "updated_at") VALUES (?, ?, ?, ?)  [["actor_id", 10], ["created_at", "2015-07-21 23:50:51.561611"], ["movie_id", 7], ["updated_at", "2015-07-21 23:50:51.561611"]]
  [1m[36m (2.9ms)[0m  [1mcommit transaction[0m
  [1m[35m (0.0ms)[0m  begin transaction
  [1m[36mSQL (0.2ms)[0m  [1mINSERT INTO "parts" ("actor_id", "created_at", "movie_id", "updated_at") VALUES (?, ?, ?, ?)[0m  [["actor_id", 20], ["created_at", "2015-07-21 23:50:51.566329"], ["movie_id", 8], ["updated_at", "2015-07-21 23:50:51.566329"]]
  [1m[35mSQL (0.1ms)[0m  INSERT INTO "parts" ("actor_id", "created_at", "movie_id", "updated_at") VALUES (?, ?, ?, ?)  [["actor_id", 9], ["created_at", "2015-07-21 23:50:51.567422"], ["movie_id", 8], ["updated_at", "2015-07-21 23:50:51.567422"]]
  [1m[36mSQL (0.1ms)[0m  [1mINSERT INTO "parts" ("actor_id", "created_at", "movie_id", "updated_at") VALUES (?, ?, ?, ?)[0m  [["actor_id", 23], ["created_at", "2015-07-21 23:50:51.568393"], ["movie_id", 8], ["updated_at", "2015-07-21 23:50:51.568393"]]
  [1m[35mSQL (0.1ms)[0m  INSERT INTO "parts" ("actor_id", "created_at", "movie_id", "updated_at") VALUES (?, ?, ?, ?)  [["actor_id", 24], ["created_at", "2015-07-21 23:50:51.570925"], ["movie_id", 8], ["updated_at", "2015-07-21 23:50:51.570925"]]
  [1m[36m (3.7ms)[0m  [1mcommit transaction[0m
  [1m[35m (0.1ms)[0m  begin transaction
  [1m[36mSQL (0.1ms)[0m  [1mINSERT INTO "parts" ("actor_id", "created_at", "movie_id", "updated_at") VALUES (?, ?, ?, ?)[0m  [["actor_id", 5], ["created_at", "2015-07-21 23:50:51.576739"], ["movie_id", 9], ["updated_at", "2015-07-21 23:50:51.576739"]]
  [1m[35mSQL (0.1ms)[0m  INSERT INTO "parts" ("actor_id", "created_at", "movie_id", "updated_at") VALUES (?, ?, ?, ?)  [["actor_id", 9], ["created_at", "2015-07-21 23:50:51.578097"], ["movie_id", 9], ["updated_at", "2015-07-21 23:50:51.578097"]]
  [1m[36mSQL (0.9ms)[0m  [1mINSERT INTO "parts" ("actor_id", "created_at", "movie_id", "updated_at") VALUES (?, ?, ?, ?)[0m  [["actor_id", 29], ["created_at", "2015-07-21 23:50:51.579102"], ["movie_id", 9], ["updated_at", "2015-07-21 23:50:51.579102"]]
  [1m[35mSQL (0.1ms)[0m  INSERT INTO "parts" ("actor_id", "created_at", "movie_id", "updated_at") VALUES (?, ?, ?, ?)  [["actor_id", 30], ["created_at", "2015-07-21 23:50:51.621052"], ["movie_id", 9], ["updated_at", "2015-07-21 23:50:51.621052"]]
  [1m[36m (3.5ms)[0m  [1mcommit transaction[0m
  [1m[35m (0.1ms)[0m  begin transaction
  [1m[36mSQL (0.2ms)[0m  [1mINSERT INTO "parts" ("actor_id", "created_at", "movie_id", "updated_at") VALUES (?, ?, ?, ?)[0m  [["actor_id", 31], ["created_at", "2015-07-21 23:50:51.626516"], ["movie_id", 10], ["updated_at", "2015-07-21 23:50:51.626516"]]
  [1m[35mSQL (0.1ms)[0m  INSERT INTO "parts" ("actor_id", "created_at", "movie_id", "updated_at") VALUES (?, ?, ?, ?)  [["actor_id", 27], ["created_at", "2015-07-21 23:50:51.627643"], ["movie_id", 10], ["updated_at", "2015-07-21 23:50:51.627643"]]
  [1m[36mSQL (0.1ms)[0m  [1mINSERT INTO "parts" ("actor_id", "created_at", "movie_id", "updated_at") VALUES (?, ?, ?, ?)[0m  [["actor_id", 28], ["created_at", "2015-07-21 23:50:51.628610"], ["movie_id", 10], ["updated_at", "2015-07-21 23:50:51.628610"]]
  [1m[35mSQL (0.1ms)[0m  INSERT INTO "parts" ("actor_id", "created_at", "movie_id", "updated_at") VALUES (?, ?, ?, ?)  [["actor_id", 2], ["created_at", "2015-07-21 23:50:51.629539"], ["movie_id", 10], ["updated_at", "2015-07-21 23:50:51.629539"]]
  [1m[36m (7.4ms)[0m  [1mcommit transaction[0m


Started GET "/movies?nonce=1437523435431" for 69.203.18.203 at 2015-07-21 20:03:55 -0400
  [1m[36mActiveRecord::SchemaMigration Load (0.3ms)[0m  [1mSELECT "schema_migrations".* FROM "schema_migrations"[0m
Processing by MoviesController#index as HTML
  Parameters: {"nonce"=>"1437523435431"}
  [1m[35mMovie Load (0.3ms)[0m  SELECT "movies".* FROM "movies"
  Rendered movies/index.html.erb within layouts/application (17.2ms)
Completed 200 OK in 1076ms (Views: 1041.5ms | ActiveRecord: 0.6ms)


Started GET "/assets/movies.css?body=1" for 69.203.18.203 at 2015-07-21 20:03:57 -0400


Started GET "/assets/jquery_ujs.js?body=1" for 69.203.18.203 at 2015-07-21 20:03:57 -0400


Started GET "/assets/jquery.js?body=1" for 69.203.18.203 at 2015-07-21 20:03:57 -0400


Started GET "/assets/application.css?body=1" for 69.203.18.203 at 2015-07-21 20:03:57 -0400


Started GET "/assets/turbolinks.js?body=1" for 69.203.18.203 at 2015-07-21 20:03:58 -0400


Started GET "/assets/movies.js?body=1" for 69.203.18.203 at 2015-07-21 20:03:58 -0400


Started GET "/assets/communication.js?body=1" for 69.203.18.203 at 2015-07-21 20:03:58 -0400


Started GET "/assets/application.js?body=1" for 69.203.18.203 at 2015-07-21 20:03:58 -0400


Started GET "/movies?nonce=1437523481117" for 69.203.18.203 at 2015-07-21 20:04:41 -0400
Processing by MoviesController#index as HTML
  Parameters: {"nonce"=>"1437523481117"}
  [1m[36mMovie Load (0.3ms)[0m  [1mSELECT "movies".* FROM "movies"[0m
  Rendered movies/index.html.erb within layouts/application (2.1ms)
Completed 200 OK in 42ms (Views: 40.5ms | ActiveRecord: 0.3ms)


Started GET "/movies?nonce=1437525734348" for 69.203.18.203 at 2015-07-21 20:42:14 -0400
Processing by MoviesController#index as HTML
  Parameters: {"nonce"=>"1437525734348"}
  [1m[35mMovie Load (0.6ms)[0m  SELECT "movies".* FROM "movies"
  Rendered movies/index.html.erb within layouts/application (89.0ms)
Completed 500 Internal Server Error in 99ms

ActionView::Template::Error (undefined local variable or method `movie' for #<#<Class:0x000000053d0400>:0x000000053d79a8>):
    15:       <h3> <%= m.title %> </h3>
    16:       <p> <%= m.release_year %></p>
    17:       <p> <%= m.plot %></p>
    18:       <%= link_to "Learn more", movie_path(movie) %>
    19:     </div>
    20:     <% end %>
    21:       
  app/views/movies/index.html.erb:18:in `block in _app_views_movies_index_html_erb__2682180953671782969_43954980'
  app/views/movies/index.html.erb:12:in `_app_views_movies_index_html_erb__2682180953671782969_43954980'


  Rendered /var/lib/gems/2.0.0/gems/actionpack-4.1.1/lib/action_dispatch/middleware/templates/rescues/_trace.html.erb (2.2ms)
  Rendered /var/lib/gems/2.0.0/gems/actionpack-4.1.1/lib/action_dispatch/middleware/templates/rescues/_request_and_response.html.erb (1.1ms)
  Rendered /var/lib/gems/2.0.0/gems/actionpack-4.1.1/lib/action_dispatch/middleware/templates/rescues/template_error.html.erb within rescues/layout (20.5ms)


Started GET "/movies?nonce=1437525757747" for 69.203.18.203 at 2015-07-21 20:42:37 -0400
Processing by MoviesController#index as HTML
  Parameters: {"nonce"=>"1437525757747"}
  [1m[36mMovie Load (0.5ms)[0m  [1mSELECT "movies".* FROM "movies"[0m
  Rendered movies/index.html.erb within layouts/application (17.5ms)
Completed 500 Internal Server Error in 24ms

ActionView::Template::Error (undefined local variable or method `movie' for #<#<Class:0x0000000389cc10>:0x000000038bbe30>):
    16:       <p> <%= m.release_year %></p>
    17:       <p> <%= m.plot %></p>
    18:     </div>
    19:     <%= link_to "Learn more", movie_path(movie) %>
    20:     <% end %>
    21:       
    22:   </div>
  app/views/movies/index.html.erb:19:in `block in _app_views_movies_index_html_erb__2682180953671782969_29774740'
  app/views/movies/index.html.erb:12:in `_app_views_movies_index_html_erb__2682180953671782969_29774740'


  Rendered /var/lib/gems/2.0.0/gems/actionpack-4.1.1/lib/action_dispatch/middleware/templates/rescues/_trace.html.erb (1.2ms)
  Rendered /var/lib/gems/2.0.0/gems/actionpack-4.1.1/lib/action_dispatch/middleware/templates/rescues/_request_and_response.html.erb (0.9ms)
  Rendered /var/lib/gems/2.0.0/gems/actionpack-4.1.1/lib/action_dispatch/middleware/templates/rescues/template_error.html.erb within rescues/layout (10.3ms)


Started GET "/movies?nonce=1437525812861" for 69.203.18.203 at 2015-07-21 20:43:32 -0400
Processing by MoviesController#index as HTML
  Parameters: {"nonce"=>"1437525812861"}
  [1m[35mMovie Load (0.4ms)[0m  SELECT "movies".* FROM "movies"
  Rendered movies/index.html.erb within layouts/application (16.0ms)
Completed 500 Internal Server Error in 21ms

ActionView::Template::Error (undefined local variable or method `movie' for #<#<Class:0x00000005263540>:0x000000052625c8>):
    16:       <p> <%= m.release_year %></p>
    17:       <p> <%= m.plot %></p>
    18:     </div>
    19:     <%= link_to "Learn more", movie_path(movie) %>
    20:     <% end %>
    21:       
    22:   </div>
  app/views/movies/index.html.erb:19:in `block in _app_views_movies_index_html_erb__2682180953671782969_43190300'
  app/views/movies/index.html.erb:12:in `_app_views_movies_index_html_erb__2682180953671782969_43190300'


  Rendered /var/lib/gems/2.0.0/gems/actionpack-4.1.1/lib/action_dispatch/middleware/templates/rescues/_trace.html.erb (1.2ms)
  Rendered /var/lib/gems/2.0.0/gems/actionpack-4.1.1/lib/action_dispatch/middleware/templates/rescues/_request_and_response.html.erb (0.9ms)
  Rendered /var/lib/gems/2.0.0/gems/actionpack-4.1.1/lib/action_dispatch/middleware/templates/rescues/template_error.html.erb within rescues/layout (10.8ms)


Started GET "/movies?nonce=1437525859975" for 69.203.18.203 at 2015-07-21 20:44:20 -0400
Processing by MoviesController#index as HTML
  Parameters: {"nonce"=>"1437525859975"}
  [1m[36mMovie Load (0.5ms)[0m  [1mSELECT "movies".* FROM "movies"[0m
  Rendered movies/index.html.erb within layouts/application (15.7ms)
Completed 500 Internal Server Error in 21ms

ActionView::Template::Error (undefined local variable or method `movie' for #<#<Class:0x000000046e6078>:0x000000046e4098>):
    16:       <p> <%= m.release_year %></p>
    17:       <p> <%= m.plot %></p>
    18:     </div>
    19:     <%= link_to "Learn more", movie_path(movie) %>
    20:     <% end %>
    21:       
    22:   </div>
  app/views/movies/index.html.erb:19:in `block in _app_views_movies_index_html_erb__2682180953671782969_38888740'
  app/views/movies/index.html.erb:12:in `_app_views_movies_index_html_erb__2682180953671782969_38888740'


  Rendered /var/lib/gems/2.0.0/gems/actionpack-4.1.1/lib/action_dispatch/middleware/templates/rescues/_trace.html.erb (1.1ms)
  Rendered /var/lib/gems/2.0.0/gems/actionpack-4.1.1/lib/action_dispatch/middleware/templates/rescues/_request_and_response.html.erb (0.9ms)
  Rendered /var/lib/gems/2.0.0/gems/actionpack-4.1.1/lib/action_dispatch/middleware/templates/rescues/template_error.html.erb within rescues/layout (10.0ms)


Started GET "/movies?nonce=1437525931134" for 69.203.18.203 at 2015-07-21 20:45:31 -0400
Processing by MoviesController#index as HTML
  Parameters: {"nonce"=>"1437525931134"}
  [1m[35mMovie Load (0.5ms)[0m  SELECT "movies".* FROM "movies"
  Rendered movies/index.html.erb within layouts/application (15.7ms)
Completed 500 Internal Server Error in 22ms

ActionView::Template::Error (undefined local variable or method `movie' for #<#<Class:0x000000052c7400>:0x000000052c6960>):
    16:       <p> <%= m.release_year %></p>
    17:       <p> <%= m.plot %></p>
    18:     </div>
    19:     <%= link_to "Learn more", movie_path(movie) %>
    20:     <% end %>
    21:       
    22:   </div>
  app/views/movies/index.html.erb:19:in `block in _app_views_movies_index_html_erb__2682180953671782969_43395720'
  app/views/movies/index.html.erb:12:in `_app_views_movies_index_html_erb__2682180953671782969_43395720'


  Rendered /var/lib/gems/2.0.0/gems/actionpack-4.1.1/lib/action_dispatch/middleware/templates/rescues/_trace.html.erb (1.2ms)
  Rendered /var/lib/gems/2.0.0/gems/actionpack-4.1.1/lib/action_dispatch/middleware/templates/rescues/_request_and_response.html.erb (1.1ms)
  Rendered /var/lib/gems/2.0.0/gems/actionpack-4.1.1/lib/action_dispatch/middleware/templates/rescues/template_error.html.erb within rescues/layout (50.9ms)


Started GET "/movies?nonce=1437525936987" for 69.203.18.203 at 2015-07-21 20:45:36 -0400
Processing by MoviesController#index as HTML
  Parameters: {"nonce"=>"1437525936987"}
  [1m[36mMovie Load (0.3ms)[0m  [1mSELECT "movies".* FROM "movies"[0m
  Rendered movies/index.html.erb within layouts/application (11.0ms)
Completed 500 Internal Server Error in 14ms

ActionView::Template::Error (undefined local variable or method `movie' for #<#<Class:0x000000052c7400>:0x0000000389b1f8>):
    16:       <p> <%= m.release_year %></p>
    17:       <p> <%= m.plot %></p>
    18:     </div>
    19:     <%= link_to "Learn more", movie_path(movie) %>
    20:     <% end %>
    21:       
    22:   </div>
  app/views/movies/index.html.erb:19:in `block in _app_views_movies_index_html_erb__2682180953671782969_43395720'
  app/views/movies/index.html.erb:12:in `_app_views_movies_index_html_erb__2682180953671782969_43395720'


  Rendered /var/lib/gems/2.0.0/gems/actionpack-4.1.1/lib/action_dispatch/middleware/templates/rescues/_trace.html.erb (1.2ms)
  Rendered /var/lib/gems/2.0.0/gems/actionpack-4.1.1/lib/action_dispatch/middleware/templates/rescues/_request_and_response.html.erb (1.0ms)
  Rendered /var/lib/gems/2.0.0/gems/actionpack-4.1.1/lib/action_dispatch/middleware/templates/rescues/template_error.html.erb within rescues/layout (10.8ms)


Started GET "/movies?nonce=1437525941767" for 69.203.18.203 at 2015-07-21 20:45:41 -0400
Processing by MoviesController#index as HTML
  Parameters: {"nonce"=>"1437525941767"}
  [1m[35mMovie Load (0.3ms)[0m  SELECT "movies".* FROM "movies"
  Rendered movies/index.html.erb within layouts/application (10.3ms)
Completed 500 Internal Server Error in 15ms

ActionView::Template::Error (undefined local variable or method `movie' for #<#<Class:0x000000052c7400>:0x000000050fe8f8>):
    16:       <p> <%= m.release_year %></p>
    17:       <p> <%= m.plot %></p>
    18:     </div>
    19:     <%= link_to "Learn more", movie_path(movie) %>
    20:     <% end %>
    21:       
    22:   </div>
  app/views/movies/index.html.erb:19:in `block in _app_views_movies_index_html_erb__2682180953671782969_43395720'
  app/views/movies/index.html.erb:12:in `_app_views_movies_index_html_erb__2682180953671782969_43395720'


  Rendered /var/lib/gems/2.0.0/gems/actionpack-4.1.1/lib/action_dispatch/middleware/templates/rescues/_trace.html.erb (1.2ms)
  Rendered /var/lib/gems/2.0.0/gems/actionpack-4.1.1/lib/action_dispatch/middleware/templates/rescues/_request_and_response.html.erb (0.9ms)
  Rendered /var/lib/gems/2.0.0/gems/actionpack-4.1.1/lib/action_dispatch/middleware/templates/rescues/template_error.html.erb within rescues/layout (10.6ms)


Started GET "/movies?nonce=1437525945790" for 69.203.18.203 at 2015-07-21 20:45:45 -0400
Processing by MoviesController#index as HTML
  Parameters: {"nonce"=>"1437525945790"}
  [1m[36mMovie Load (0.6ms)[0m  [1mSELECT "movies".* FROM "movies"[0m
  Rendered movies/index.html.erb within layouts/application (10.2ms)
Completed 500 Internal Server Error in 15ms

ActionView::Template::Error (undefined local variable or method `movie' for #<#<Class:0x000000052c7400>:0x000000052f6c78>):
    16:       <p> <%= m.release_year %></p>
    17:       <p> <%= m.plot %></p>
    18:     </div>
    19:     <%= link_to "Learn more", movie_path(movie) %>
    20:     <% end %>
    21:       
    22:   </div>
  app/views/movies/index.html.erb:19:in `block in _app_views_movies_index_html_erb__2682180953671782969_43395720'
  app/views/movies/index.html.erb:12:in `_app_views_movies_index_html_erb__2682180953671782969_43395720'


  Rendered /var/lib/gems/2.0.0/gems/actionpack-4.1.1/lib/action_dispatch/middleware/templates/rescues/_trace.html.erb (36.6ms)
  Rendered /var/lib/gems/2.0.0/gems/actionpack-4.1.1/lib/action_dispatch/middleware/templates/rescues/_request_and_response.html.erb (0.9ms)
  Rendered /var/lib/gems/2.0.0/gems/actionpack-4.1.1/lib/action_dispatch/middleware/templates/rescues/template_error.html.erb within rescues/layout (45.6ms)


Started GET "/movies?nonce=1437525951297" for 69.203.18.203 at 2015-07-21 20:45:51 -0400
Processing by MoviesController#index as HTML
  Parameters: {"nonce"=>"1437525951297"}
  [1m[35mMovie Load (0.6ms)[0m  SELECT "movies".* FROM "movies"
  Rendered movies/index.html.erb within layouts/application (16.3ms)
Completed 500 Internal Server Error in 21ms

ActionView::Template::Error (undefined local variable or method `movie' for #<#<Class:0x000000052c7400>:0x00000003a22b48>):
    16:       <p> <%= m.release_year %></p>
    17:       <p> <%= m.plot %></p>
    18:     </div>
    19:     <%= link_to "Learn more", movie_path(movie) %>
    20:     <% end %>
    21:       
    22:   </div>
  app/views/movies/index.html.erb:19:in `block in _app_views_movies_index_html_erb__2682180953671782969_43395720'
  app/views/movies/index.html.erb:12:in `_app_views_movies_index_html_erb__2682180953671782969_43395720'


  Rendered /var/lib/gems/2.0.0/gems/actionpack-4.1.1/lib/action_dispatch/middleware/templates/rescues/_trace.html.erb (1.1ms)
  Rendered /var/lib/gems/2.0.0/gems/actionpack-4.1.1/lib/action_dispatch/middleware/templates/rescues/_request_and_response.html.erb (1.0ms)
  Rendered /var/lib/gems/2.0.0/gems/actionpack-4.1.1/lib/action_dispatch/middleware/templates/rescues/template_error.html.erb within rescues/layout (9.9ms)


Started GET "/movies?nonce=1437525977930" for 69.203.18.203 at 2015-07-21 20:46:17 -0400
Processing by MoviesController#index as HTML
  Parameters: {"nonce"=>"1437525977930"}
  [1m[36mMovie Load (0.5ms)[0m  [1mSELECT "movies".* FROM "movies"[0m
  Rendered movies/index.html.erb within layouts/application (8.0ms)
Completed 200 OK in 47ms (Views: 42.1ms | ActiveRecord: 0.9ms)


Started GET "/movies?nonce=1437526043041" for 69.203.18.203 at 2015-07-21 20:47:23 -0400
Processing by MoviesController#index as HTML
  Parameters: {"nonce"=>"1437526043041"}
  [1m[35mMovie Load (0.4ms)[0m  SELECT "movies".* FROM "movies"
  Rendered movies/index.html.erb within layouts/application (59.9ms)
Completed 500 Internal Server Error in 66ms

ActionView::Template::Error (undefined local variable or method `movie' for #<#<Class:0x000000054d6d90>:0x000000054d5738>):
    15:       <h3> <%= m.title %> </h3>
    16:       <p> <%= m.release_year %></p>
    17:       <p> <%= m.plot %></p>
    18:       <%= link_to "Learn more", movie_path(movie) %>
    19:     </div>
    20:     <% end %>
    21:       
  app/views/movies/index.html.erb:18:in `block in _app_views_movies_index_html_erb__2682180953671782969_44479540'
  app/views/movies/index.html.erb:12:in `_app_views_movies_index_html_erb__2682180953671782969_44479540'


  Rendered /var/lib/gems/2.0.0/gems/actionpack-4.1.1/lib/action_dispatch/middleware/templates/rescues/_trace.html.erb (1.1ms)
  Rendered /var/lib/gems/2.0.0/gems/actionpack-4.1.1/lib/action_dispatch/middleware/templates/rescues/_request_and_response.html.erb (0.9ms)
  Rendered /var/lib/gems/2.0.0/gems/actionpack-4.1.1/lib/action_dispatch/middleware/templates/rescues/template_error.html.erb within rescues/layout (10.1ms)


Started GET "/movies?nonce=1437526055821" for 69.203.18.203 at 2015-07-21 20:47:35 -0400
Processing by MoviesController#index as HTML
  Parameters: {"nonce"=>"1437526055821"}
  [1m[36mMovie Load (0.4ms)[0m  [1mSELECT "movies".* FROM "movies"[0m
  Rendered movies/index.html.erb within layouts/application (9.2ms)
Completed 200 OK in 46ms (Views: 41.2ms | ActiveRecord: 0.7ms)


Started GET "/movies/1" for 69.203.18.203 at 2015-07-21 20:48:20 -0400
Processing by MoviesController#show as HTML
  Parameters: {"id"=>"1"}
  [1m[35mMovie Load (1.7ms)[0m  SELECT  "movies".* FROM "movies"  WHERE "movies"."id" = ? LIMIT 1  [["id", 1]]
  [1m[36mActor Load (0.8ms)[0m  [1mSELECT "actors".* FROM "actors" INNER JOIN "parts" ON "actors"."id" = "parts"."actor_id" WHERE "parts"."movie_id" = ?[0m  [["movie_id", 1]]
  Rendered movies/show.html.erb within layouts/application (98.3ms)
Completed 200 OK in 207ms (Views: 135.3ms | ActiveRecord: 3.2ms)


Started GET "/movies?nonce=1437526055821/" for 69.203.18.203 at 2015-07-21 20:48:28 -0400
Processing by MoviesController#index as HTML
  Parameters: {"nonce"=>"1437526055821/"}
  [1m[35mMovie Load (0.3ms)[0m  SELECT "movies".* FROM "movies"
  Rendered movies/index.html.erb within layouts/application (2.9ms)
Completed 200 OK in 38ms (Views: 36.5ms | ActiveRecord: 0.3ms)


Started GET "/movies/5" for 69.203.18.203 at 2015-07-21 20:48:30 -0400
Processing by MoviesController#show as HTML
  Parameters: {"id"=>"5"}
  [1m[36mMovie Load (0.3ms)[0m  [1mSELECT  "movies".* FROM "movies"  WHERE "movies"."id" = ? LIMIT 1[0m  [["id", 5]]
  [1m[35mActor Load (0.3ms)[0m  SELECT "actors".* FROM "actors" INNER JOIN "parts" ON "actors"."id" = "parts"."actor_id" WHERE "parts"."movie_id" = ?  [["movie_id", 5]]
  Rendered movies/show.html.erb within layouts/application (4.7ms)
Completed 200 OK in 49ms (Views: 44.0ms | ActiveRecord: 0.6ms)


Started GET "/movies?nonce=1437526133997" for 69.203.18.203 at 2015-07-21 20:48:53 -0400
Processing by MoviesController#index as HTML
  Parameters: {"nonce"=>"1437526133997"}
  [1m[36mMovie Load (0.5ms)[0m  [1mSELECT "movies".* FROM "movies"[0m
  Rendered movies/index.html.erb within layouts/application (9.1ms)
Completed 200 OK in 48ms (Views: 42.3ms | ActiveRecord: 0.8ms)


Started GET "/movies?nonce=1437526915070" for 69.203.18.203 at 2015-07-21 21:01:55 -0400
Processing by MoviesController#index as HTML
  Parameters: {"nonce"=>"1437526915070"}
  [1m[35mMovie Load (0.8ms)[0m  SELECT "movies".* FROM "movies"
  Rendered movies/index.html.erb within layouts/application (19.9ms)
Completed 200 OK in 322ms (Views: 307.3ms | ActiveRecord: 1.4ms)


Started GET "/assets/actors.css?body=1" for 69.203.18.203 at 2015-07-21 21:01:55 -0400


Started GET "/assets/actors.js?body=1" for 69.203.18.203 at 2015-07-21 21:01:56 -0400


Started GET "/movies/1" for 69.203.18.203 at 2015-07-21 21:02:13 -0400
Processing by MoviesController#show as HTML
  Parameters: {"id"=>"1"}
  [1m[36mMovie Load (0.8ms)[0m  [1mSELECT  "movies".* FROM "movies"  WHERE "movies"."id" = ? LIMIT 1[0m  [["id", 1]]
  [1m[35mActor Load (0.2ms)[0m  SELECT "actors".* FROM "actors" INNER JOIN "parts" ON "actors"."id" = "parts"."actor_id" WHERE "parts"."movie_id" = ?  [["movie_id", 1]]
  Rendered movies/show.html.erb within layouts/application (30.3ms)
Completed 200 OK in 158ms (Views: 137.3ms | ActiveRecord: 1.5ms)


Started GET "/movies?nonce=1437526915070/" for 69.203.18.203 at 2015-07-21 21:02:31 -0400
Processing by MoviesController#index as HTML
  Parameters: {"nonce"=>"1437526915070/"}
  [1m[36mMovie Load (0.7ms)[0m  [1mSELECT "movies".* FROM "movies"[0m
  Rendered movies/index.html.erb within layouts/application (8.1ms)
Completed 200 OK in 93ms (Views: 90.5ms | ActiveRecord: 0.7ms)


Started GET "/actors?nonce=1437526967084" for 69.203.18.203 at 2015-07-21 21:02:47 -0400
Processing by ActorsController#index as HTML
  Parameters: {"nonce"=>"1437526967084"}
  [1m[35mActor Load (0.4ms)[0m  SELECT "actors".* FROM "actors"
  Rendered actors/index.html.erb within layouts/application (21.8ms)
Completed 200 OK in 93ms (Views: 91.3ms | ActiveRecord: 0.4ms)


Started GET "/actors/5" for 69.203.18.203 at 2015-07-21 21:03:08 -0400
Processing by ActorsController#show as HTML
  Parameters: {"id"=>"5"}
  [1m[36mActor Load (0.5ms)[0m  [1mSELECT  "actors".* FROM "actors"  WHERE "actors"."id" = ? LIMIT 1[0m  [["id", 5]]
  [1m[35mMovie Load (0.7ms)[0m  SELECT "movies".* FROM "movies" INNER JOIN "parts" ON "movies"."id" = "parts"."movie_id" WHERE "parts"."actor_id" = ?  [["actor_id", 5]]
  Rendered actors/show.html.erb within layouts/application (5.7ms)
Completed 200 OK in 109ms (Views: 99.7ms | ActiveRecord: 1.2ms)


Started GET "/actors?nonce=1437526967084/" for 69.203.18.203 at 2015-07-21 21:03:12 -0400
Processing by ActorsController#index as HTML
  Parameters: {"nonce"=>"1437526967084/"}
  [1m[36mActor Load (0.5ms)[0m  [1mSELECT "actors".* FROM "actors"[0m
  Rendered actors/index.html.erb within layouts/application (17.3ms)
Completed 200 OK in 86ms (Views: 84.5ms | ActiveRecord: 0.5ms)


Started GET "/actors?nonce=1437527006217" for 69.203.18.203 at 2015-07-21 21:03:26 -0400
Processing by ActorsController#index as HTML
  Parameters: {"nonce"=>"1437527006217"}
  [1m[35mActor Load (0.5ms)[0m  SELECT "actors".* FROM "actors"
  Rendered actors/index.html.erb within layouts/application (16.4ms)
Completed 200 OK in 110ms (Views: 104.9ms | ActiveRecord: 0.8ms)


Started GET "/actors?nonce=1437527008392" for 69.203.18.203 at 2015-07-21 21:03:28 -0400
Processing by ActorsController#index as HTML
  Parameters: {"nonce"=>"1437527008392"}
  [1m[36mActor Load (0.4ms)[0m  [1mSELECT "actors".* FROM "actors"[0m
  Rendered actors/index.html.erb within layouts/application (11.0ms)
Completed 200 OK in 53ms (Views: 52.0ms | ActiveRecord: 0.4ms)


Started GET "/actors/1" for 69.203.18.203 at 2015-07-21 21:03:39 -0400
Processing by ActorsController#show as HTML
  Parameters: {"id"=>"1"}
  [1m[35mActor Load (0.3ms)[0m  SELECT  "actors".* FROM "actors"  WHERE "actors"."id" = ? LIMIT 1  [["id", 1]]
  [1m[36mMovie Load (0.2ms)[0m  [1mSELECT "movies".* FROM "movies" INNER JOIN "parts" ON "movies"."id" = "parts"."movie_id" WHERE "parts"."actor_id" = ?[0m  [["actor_id", 1]]
  Rendered actors/show.html.erb within layouts/application (7.3ms)
Completed 200 OK in 56ms (Views: 46.6ms | ActiveRecord: 0.9ms)


Started GET "/actors?nonce=1437527008392/" for 69.203.18.203 at 2015-07-21 21:03:46 -0400
Processing by ActorsController#index as HTML
  Parameters: {"nonce"=>"1437527008392/"}
  [1m[35mActor Load (0.9ms)[0m  SELECT "actors".* FROM "actors"
  Rendered actors/index.html.erb within layouts/application (19.4ms)
Completed 200 OK in 116ms (Views: 113.4ms | ActiveRecord: 0.9ms)


Started GET "/actors?nonce=1437527006217/" for 69.203.18.203 at 2015-07-21 21:03:47 -0400
Processing by ActorsController#index as HTML
  Parameters: {"nonce"=>"1437527006217/"}
  [1m[36mActor Load (0.8ms)[0m  [1mSELECT "actors".* FROM "actors"[0m
  Rendered actors/index.html.erb within layouts/application (16.1ms)
Completed 200 OK in 61ms (Views: 58.7ms | ActiveRecord: 0.8ms)


Started GET "/movie?nonce=1437527036116" for 69.203.18.203 at 2015-07-21 21:03:56 -0400

ActionController::RoutingError (No route matches [GET] "/movie"):
  actionpack (4.1.1) lib/action_dispatch/middleware/debug_exceptions.rb:21:in `call'
  actionpack (4.1.1) lib/action_dispatch/middleware/show_exceptions.rb:30:in `call'
  railties (4.1.1) lib/rails/rack/logger.rb:38:in `call_app'
  railties (4.1.1) lib/rails/rack/logger.rb:20:in `block in call'
  activesupport (4.1.1) lib/active_support/tagged_logging.rb:68:in `block in tagged'
  activesupport (4.1.1) lib/active_support/tagged_logging.rb:26:in `tagged'
  activesupport (4.1.1) lib/active_support/tagged_logging.rb:68:in `tagged'
  railties (4.1.1) lib/rails/rack/logger.rb:20:in `call'
  actionpack (4.1.1) lib/action_dispatch/middleware/request_id.rb:21:in `call'
  rack (1.5.2) lib/rack/methodoverride.rb:21:in `call'
  rack (1.5.2) lib/rack/runtime.rb:17:in `call'
  activesupport (4.1.1) lib/active_support/cache/strategy/local_cache_middleware.rb:26:in `call'
  rack (1.5.2) lib/rack/lock.rb:17:in `call'
  actionpack (4.1.1) lib/action_dispatch/middleware/static.rb:64:in `call'
  rack (1.5.2) lib/rack/sendfile.rb:112:in `call'
  railties (4.1.1) lib/rails/engine.rb:514:in `call'
  railties (4.1.1) lib/rails/application.rb:144:in `call'
  rack (1.5.2) lib/rack/lock.rb:17:in `call'
  rack (1.5.2) lib/rack/content_length.rb:14:in `call'
  rack (1.5.2) lib/rack/handler/webrick.rb:60:in `service'
  /usr/lib/ruby/2.0.0/webrick/httpserver.rb:138:in `service'
  /usr/lib/ruby/2.0.0/webrick/httpserver.rb:94:in `run'
  /usr/lib/ruby/2.0.0/webrick/server.rb:295:in `block in start_thread'


  Rendered /var/lib/gems/2.0.0/gems/actionpack-4.1.1/lib/action_dispatch/middleware/templates/rescues/_trace.html.erb (2.5ms)
  Rendered /var/lib/gems/2.0.0/gems/actionpack-4.1.1/lib/action_dispatch/middleware/templates/routes/_route.html.erb (2.3ms)
  Rendered /var/lib/gems/2.0.0/gems/actionpack-4.1.1/lib/action_dispatch/middleware/templates/routes/_table.html.erb (73.3ms)
  Rendered /var/lib/gems/2.0.0/gems/actionpack-4.1.1/lib/action_dispatch/middleware/templates/rescues/routing_error.html.erb within rescues/layout (153.2ms)


Started GET "/movies?nonce=1437527038204" for 69.203.18.203 at 2015-07-21 21:03:58 -0400
Processing by MoviesController#index as HTML
  Parameters: {"nonce"=>"1437527038204"}
  [1m[35mMovie Load (0.3ms)[0m  SELECT "movies".* FROM "movies"
  Rendered movies/index.html.erb within layouts/application (3.1ms)
Completed 200 OK in 88ms (Views: 87.0ms | ActiveRecord: 0.3ms)


Started GET "/movie?nonce=1437527040275" for 69.203.18.203 at 2015-07-21 21:04:00 -0400

ActionController::RoutingError (No route matches [GET] "/movie"):
  actionpack (4.1.1) lib/action_dispatch/middleware/debug_exceptions.rb:21:in `call'
  actionpack (4.1.1) lib/action_dispatch/middleware/show_exceptions.rb:30:in `call'
  railties (4.1.1) lib/rails/rack/logger.rb:38:in `call_app'
  railties (4.1.1) lib/rails/rack/logger.rb:20:in `block in call'
  activesupport (4.1.1) lib/active_support/tagged_logging.rb:68:in `block in tagged'
  activesupport (4.1.1) lib/active_support/tagged_logging.rb:26:in `tagged'
  activesupport (4.1.1) lib/active_support/tagged_logging.rb:68:in `tagged'
  railties (4.1.1) lib/rails/rack/logger.rb:20:in `call'
  actionpack (4.1.1) lib/action_dispatch/middleware/request_id.rb:21:in `call'
  rack (1.5.2) lib/rack/methodoverride.rb:21:in `call'
  rack (1.5.2) lib/rack/runtime.rb:17:in `call'
  activesupport (4.1.1) lib/active_support/cache/strategy/local_cache_middleware.rb:26:in `call'
  rack (1.5.2) lib/rack/lock.rb:17:in `call'
  actionpack (4.1.1) lib/action_dispatch/middleware/static.rb:64:in `call'
  rack (1.5.2) lib/rack/sendfile.rb:112:in `call'
  railties (4.1.1) lib/rails/engine.rb:514:in `call'
  railties (4.1.1) lib/rails/application.rb:144:in `call'
  rack (1.5.2) lib/rack/lock.rb:17:in `call'
  rack (1.5.2) lib/rack/content_length.rb:14:in `call'
  rack (1.5.2) lib/rack/handler/webrick.rb:60:in `service'
  /usr/lib/ruby/2.0.0/webrick/httpserver.rb:138:in `service'
  /usr/lib/ruby/2.0.0/webrick/httpserver.rb:94:in `run'
  /usr/lib/ruby/2.0.0/webrick/server.rb:295:in `block in start_thread'


  Rendered /var/lib/gems/2.0.0/gems/actionpack-4.1.1/lib/action_dispatch/middleware/templates/rescues/_trace.html.erb (1.0ms)
  Rendered /var/lib/gems/2.0.0/gems/actionpack-4.1.1/lib/action_dispatch/middleware/templates/routes/_route.html.erb (0.9ms)
  Rendered /var/lib/gems/2.0.0/gems/actionpack-4.1.1/lib/action_dispatch/middleware/templates/routes/_table.html.erb (1.0ms)
  Rendered /var/lib/gems/2.0.0/gems/actionpack-4.1.1/lib/action_dispatch/middleware/templates/rescues/routing_error.html.erb within rescues/layout (14.4ms)


Started GET "/movies?nonce=1437527045547" for 69.203.18.203 at 2015-07-21 21:04:05 -0400
Processing by MoviesController#index as HTML
  Parameters: {"nonce"=>"1437527045547"}
  [1m[36mMovie Load (0.3ms)[0m  [1mSELECT "movies".* FROM "movies"[0m
  Rendered movies/index.html.erb within layouts/application (2.9ms)
Completed 200 OK in 45ms (Views: 44.2ms | ActiveRecord: 0.3ms)


Started GET "/movies/1" for 69.203.18.203 at 2015-07-21 21:04:17 -0400
Processing by MoviesController#show as HTML
  Parameters: {"id"=>"1"}
  [1m[35mMovie Load (0.4ms)[0m  SELECT  "movies".* FROM "movies"  WHERE "movies"."id" = ? LIMIT 1  [["id", 1]]
  [1m[36mActor Load (0.6ms)[0m  [1mSELECT "actors".* FROM "actors" INNER JOIN "parts" ON "actors"."id" = "parts"."actor_id" WHERE "parts"."movie_id" = ?[0m  [["movie_id", 1]]
  Rendered movies/show.html.erb within layouts/application (3.8ms)
Completed 200 OK in 59ms (Views: 51.5ms | ActiveRecord: 1.0ms)


Started GET "/movies/2?nonce=1437527068053" for 69.203.18.203 at 2015-07-21 21:04:28 -0400
Processing by MoviesController#show as HTML
  Parameters: {"nonce"=>"1437527068053", "id"=>"2"}
  [1m[35mMovie Load (0.4ms)[0m  SELECT  "movies".* FROM "movies"  WHERE "movies"."id" = ? LIMIT 1  [["id", 2]]
  [1m[36mActor Load (0.3ms)[0m  [1mSELECT "actors".* FROM "actors" INNER JOIN "parts" ON "actors"."id" = "parts"."actor_id" WHERE "parts"."movie_id" = ?[0m  [["movie_id", 2]]
  Rendered movies/show.html.erb within layouts/application (5.2ms)
Completed 200 OK in 98ms (Views: 94.4ms | ActiveRecord: 0.7ms)


Started GET "/actors?nonce=1437527072885" for 69.203.18.203 at 2015-07-21 21:04:32 -0400
Processing by ActorsController#index as HTML
  Parameters: {"nonce"=>"1437527072885"}
  [1m[35mActor Load (0.4ms)[0m  SELECT "actors".* FROM "actors"
  Rendered actors/index.html.erb within layouts/application (10.5ms)
Completed 200 OK in 52ms (Views: 50.3ms | ActiveRecord: 0.4ms)


Started GET "/actors/1?nonce=1437527075317" for 69.203.18.203 at 2015-07-21 21:04:35 -0400
Processing by ActorsController#show as HTML
  Parameters: {"nonce"=>"1437527075317", "id"=>"1"}
  [1m[36mActor Load (0.3ms)[0m  [1mSELECT  "actors".* FROM "actors"  WHERE "actors"."id" = ? LIMIT 1[0m  [["id", 1]]
  [1m[35mMovie Load (0.1ms)[0m  SELECT "movies".* FROM "movies" INNER JOIN "parts" ON "movies"."id" = "parts"."movie_id" WHERE "parts"."actor_id" = ?  [["actor_id", 1]]
  Rendered actors/show.html.erb within layouts/application (3.5ms)
Completed 200 OK in 53ms (Views: 47.1ms | ActiveRecord: 0.4ms)


Started GET "/actors/2?nonce=1437527077357" for 69.203.18.203 at 2015-07-21 21:04:37 -0400
Processing by ActorsController#show as HTML
  Parameters: {"nonce"=>"1437527077357", "id"=>"2"}
  [1m[36mActor Load (0.1ms)[0m  [1mSELECT  "actors".* FROM "actors"  WHERE "actors"."id" = ? LIMIT 1[0m  [["id", 2]]
  [1m[35mMovie Load (0.1ms)[0m  SELECT "movies".* FROM "movies" INNER JOIN "parts" ON "movies"."id" = "parts"."movie_id" WHERE "parts"."actor_id" = ?  [["actor_id", 2]]
  Rendered actors/show.html.erb within layouts/application (1.2ms)
Completed 200 OK in 103ms (Views: 101.0ms | ActiveRecord: 0.2ms)


Started GET "/actors/5?nonce=1437527078936" for 69.203.18.203 at 2015-07-21 21:04:38 -0400
Processing by ActorsController#show as HTML
  Parameters: {"nonce"=>"1437527078936", "id"=>"5"}
  [1m[36mActor Load (0.2ms)[0m  [1mSELECT  "actors".* FROM "actors"  WHERE "actors"."id" = ? LIMIT 1[0m  [["id", 5]]
  [1m[35mMovie Load (0.1ms)[0m  SELECT "movies".* FROM "movies" INNER JOIN "parts" ON "movies"."id" = "parts"."movie_id" WHERE "parts"."actor_id" = ?  [["actor_id", 5]]
  Rendered actors/show.html.erb within layouts/application (1.7ms)
Completed 200 OK in 48ms (Views: 44.6ms | ActiveRecord: 0.3ms)


Started GET "/actors/?nonce=1437527080389" for 69.203.18.203 at 2015-07-21 21:04:40 -0400
Processing by ActorsController#index as HTML
  Parameters: {"nonce"=>"1437527080389"}
  [1m[36mActor Load (0.9ms)[0m  [1mSELECT "actors".* FROM "actors"[0m
  Rendered actors/index.html.erb within layouts/application (18.8ms)
Completed 200 OK in 64ms (Views: 61.9ms | ActiveRecord: 0.9ms)


Started GET "/movies?nonce=1437527093001" for 69.203.18.203 at 2015-07-21 21:04:53 -0400
Processing by MoviesController#index as HTML
  Parameters: {"nonce"=>"1437527093001"}
  [1m[35mMovie Load (0.7ms)[0m  SELECT "movies".* FROM "movies"
  Rendered movies/index.html.erb within layouts/application (4.0ms)
Completed 200 OK in 106ms (Views: 104.4ms | ActiveRecord: 0.7ms)


Started GET "/movies?nonce=1437527142559" for 69.203.18.203 at 2015-07-21 21:05:42 -0400
Processing by MoviesController#index as HTML
  Parameters: {"nonce"=>"1437527142559"}
  [1m[36mMovie Load (0.3ms)[0m  [1mSELECT "movies".* FROM "movies"[0m
  Rendered movies/index.html.erb within layouts/application (2.6ms)
Completed 200 OK in 48ms (Views: 46.8ms | ActiveRecord: 0.3ms)


Started GET "/assets/actors.css?body=1" for 69.203.18.203 at 2015-07-21 21:05:42 -0400


Started GET "/assets/movies.css?body=1" for 69.203.18.203 at 2015-07-21 21:05:42 -0400


Started GET "/assets/application.css?body=1" for 69.203.18.203 at 2015-07-21 21:05:42 -0400


Started GET "/assets/jquery_ujs.js?body=1" for 69.203.18.203 at 2015-07-21 21:05:42 -0400


Started GET "/assets/turbolinks.js?body=1" for 69.203.18.203 at 2015-07-21 21:05:42 -0400


Started GET "/assets/jquery.js?body=1" for 69.203.18.203 at 2015-07-21 21:05:42 -0400


Started GET "/assets/actors.js?body=1" for 69.203.18.203 at 2015-07-21 21:05:43 -0400


Started GET "/assets/communication.js?body=1" for 69.203.18.203 at 2015-07-21 21:05:43 -0400


Started GET "/assets/movies.js?body=1" for 69.203.18.203 at 2015-07-21 21:05:43 -0400


Started GET "/assets/application.js?body=1" for 69.203.18.203 at 2015-07-21 21:05:43 -0400


Started GET "/assets/rails.png" for 127.0.0.1 at 2015-07-21 21:30:11 -0400
  [1m[36mActiveRecord::SchemaMigration Load (0.1ms)[0m  [1mSELECT "schema_migrations".* FROM "schema_migrations"[0m


Started GET "/assets/rails.png" for 127.0.0.1 at 2015-07-21 21:30:16 -0400


Started GET "/movies" for 127.0.0.1 at 2015-07-21 21:30:21 -0400
Processing by MoviesController#index as HTML
  [1m[35mMovie Load (0.2ms)[0m  SELECT "movies".* FROM "movies"
  Rendered movies/index.html.erb within layouts/application (10.3ms)
Completed 200 OK in 1080ms (Views: 1066.5ms | ActiveRecord: 0.5ms)


Started GET "/movies" for 127.0.0.1 at 2015-07-21 21:30:22 -0400
Processing by MoviesController#index as HTML
  [1m[36mMovie Load (0.2ms)[0m  [1mSELECT "movies".* FROM "movies"[0m
  Rendered movies/index.html.erb within layouts/application (3.5ms)
Completed 200 OK in 44ms (Views: 43.4ms | ActiveRecord: 0.2ms)


Started GET "/assets/movies.css?body=1" for 127.0.0.1 at 2015-07-21 21:30:22 -0400


Started GET "/assets/jquery_ujs.js?body=1" for 127.0.0.1 at 2015-07-21 21:30:22 -0400


Started GET "/assets/actors.js?body=1" for 127.0.0.1 at 2015-07-21 21:30:22 -0400


Started GET "/assets/application.css?body=1" for 127.0.0.1 at 2015-07-21 21:30:22 -0400


Started GET "/assets/jquery.js?body=1" for 127.0.0.1 at 2015-07-21 21:30:22 -0400


Started GET "/assets/turbolinks.js?body=1" for 127.0.0.1 at 2015-07-21 21:30:22 -0400


Started GET "/assets/communication.js?body=1" for 127.0.0.1 at 2015-07-21 21:30:22 -0400


Started GET "/assets/application.js?body=1" for 127.0.0.1 at 2015-07-21 21:30:22 -0400


Started GET "/assets/movies.js?body=1" for 127.0.0.1 at 2015-07-21 21:30:22 -0400


Started GET "/assets/actors.css?body=1" for 127.0.0.1 at 2015-07-21 21:30:22 -0400


Started GET "/movies/1" for 127.0.0.1 at 2015-07-21 21:30:24 -0400
Processing by MoviesController#show as HTML
  Parameters: {"id"=>"1"}
  [1m[35mMovie Load (0.2ms)[0m  SELECT  "movies".* FROM "movies"  WHERE "movies"."id" = ? LIMIT 1  [["id", 1]]
  [1m[36mActor Load (0.2ms)[0m  [1mSELECT "actors".* FROM "actors" INNER JOIN "parts" ON "actors"."id" = "parts"."actor_id" WHERE "parts"."movie_id" = ?[0m  [["movie_id", 1]]
  Rendered movies/show.html.erb within layouts/application (13.1ms)
Completed 200 OK in 86ms (Views: 60.3ms | ActiveRecord: 0.9ms)


Started GET "/movies/2" for 127.0.0.1 at 2015-07-21 21:30:31 -0400
Processing by MoviesController#show as HTML
  Parameters: {"id"=>"2"}
  [1m[35mMovie Load (0.1ms)[0m  SELECT  "movies".* FROM "movies"  WHERE "movies"."id" = ? LIMIT 1  [["id", 2]]
  [1m[36mActor Load (0.1ms)[0m  [1mSELECT "actors".* FROM "actors" INNER JOIN "parts" ON "actors"."id" = "parts"."actor_id" WHERE "parts"."movie_id" = ?[0m  [["movie_id", 2]]
  Rendered movies/show.html.erb within layouts/application (1.4ms)
Completed 200 OK in 51ms (Views: 49.2ms | ActiveRecord: 0.2ms)


Started GET "/assets/rails.png" for 127.0.0.1 at 2015-07-21 21:31:02 -0400


Started GET "/assets/rails.png" for 127.0.0.1 at 2015-07-21 21:31:06 -0400


Started GET "/assets/rails.png" for 127.0.0.1 at 2015-07-21 21:31:23 -0400


Started GET "/assets/rails.png" for 127.0.0.1 at 2015-07-21 21:31:27 -0400


Started GET "/assets/rails.png" for 127.0.0.1 at 2015-07-21 21:32:33 -0400


Started GET "/movies" for 127.0.0.1 at 2015-07-21 21:32:38 -0400
Processing by MoviesController#index as HTML
  [1m[35mMovie Load (0.3ms)[0m  SELECT "movies".* FROM "movies"
  Rendered movies/index.html.erb within layouts/application (6.4ms)
Completed 200 OK in 62ms (Views: 58.2ms | ActiveRecord: 0.6ms)


Started GET "/assets/movies.css?body=1" for 127.0.0.1 at 2015-07-21 21:32:38 -0400


Started GET "/assets/application.css?body=1" for 127.0.0.1 at 2015-07-21 21:32:38 -0400


Started GET "/assets/jquery_ujs.js?body=1" for 127.0.0.1 at 2015-07-21 21:32:38 -0400


Started GET "/assets/jquery.js?body=1" for 127.0.0.1 at 2015-07-21 21:32:38 -0400


Started GET "/assets/turbolinks.js?body=1" for 127.0.0.1 at 2015-07-21 21:32:38 -0400


Started GET "/assets/actors.js?body=1" for 127.0.0.1 at 2015-07-21 21:32:38 -0400


Started GET "/assets/actors.css?body=1" for 127.0.0.1 at 2015-07-21 21:32:38 -0400


Started GET "/assets/communication.js?body=1" for 127.0.0.1 at 2015-07-21 21:32:38 -0400


Started GET "/assets/movies.js?body=1" for 127.0.0.1 at 2015-07-21 21:32:38 -0400


Started GET "/assets/application.js?body=1" for 127.0.0.1 at 2015-07-21 21:32:38 -0400


Started GET "/movies/1" for 127.0.0.1 at 2015-07-21 21:32:41 -0400
Processing by MoviesController#show as HTML
  Parameters: {"id"=>"1"}
  [1m[36mMovie Load (0.1ms)[0m  [1mSELECT  "movies".* FROM "movies"  WHERE "movies"."id" = ? LIMIT 1[0m  [["id", 1]]
  [1m[35mActor Load (0.2ms)[0m  SELECT "actors".* FROM "actors" INNER JOIN "parts" ON "actors"."id" = "parts"."actor_id" WHERE "parts"."movie_id" = ?  [["movie_id", 1]]
  Rendered movies/show.html.erb within layouts/application (3.4ms)
Completed 200 OK in 46ms (Views: 38.7ms | ActiveRecord: 0.7ms)


Started GET "/movies/3" for 127.0.0.1 at 2015-07-21 21:32:45 -0400
Processing by MoviesController#show as HTML
  Parameters: {"id"=>"3"}
  [1m[36mMovie Load (0.1ms)[0m  [1mSELECT  "movies".* FROM "movies"  WHERE "movies"."id" = ? LIMIT 1[0m  [["id", 3]]
  [1m[35mActor Load (0.2ms)[0m  SELECT "actors".* FROM "actors" INNER JOIN "parts" ON "actors"."id" = "parts"."actor_id" WHERE "parts"."movie_id" = ?  [["movie_id", 3]]
  Rendered movies/show.html.erb within layouts/application (1.5ms)
Completed 200 OK in 46ms (Views: 44.0ms | ActiveRecord: 0.3ms)


Started GET "/movies" for 127.0.0.1 at 2015-07-21 21:36:48 -0400
Processing by MoviesController#index as HTML
  [1m[36mMovie Load (0.2ms)[0m  [1mSELECT "movies".* FROM "movies"[0m
  Rendered movies/index.html.erb within layouts/application (4.0ms)
Completed 200 OK in 42ms (Views: 41.5ms | ActiveRecord: 0.2ms)


Started GET "/assets/movies.css?body=1" for 127.0.0.1 at 2015-07-21 21:36:48 -0400


Started GET "/assets/application.css?body=1" for 127.0.0.1 at 2015-07-21 21:36:48 -0400


Started GET "/assets/actors.js?body=1" for 127.0.0.1 at 2015-07-21 21:36:48 -0400


Started GET "/assets/jquery.js?body=1" for 127.0.0.1 at 2015-07-21 21:36:48 -0400


Started GET "/assets/turbolinks.js?body=1" for 127.0.0.1 at 2015-07-21 21:36:48 -0400


Started GET "/assets/jquery_ujs.js?body=1" for 127.0.0.1 at 2015-07-21 21:36:48 -0400


Started GET "/assets/actors.css?body=1" for 127.0.0.1 at 2015-07-21 21:36:48 -0400


Started GET "/assets/movies.js?body=1" for 127.0.0.1 at 2015-07-21 21:36:48 -0400


Started GET "/assets/communication.js?body=1" for 127.0.0.1 at 2015-07-21 21:36:48 -0400


Started GET "/assets/application.js?body=1" for 127.0.0.1 at 2015-07-21 21:36:48 -0400


Started GET "/movies" for 127.0.0.1 at 2015-07-21 21:37:04 -0400
Processing by MoviesController#index as HTML
  [1m[35mMovie Load (0.2ms)[0m  SELECT "movies".* FROM "movies"
  Rendered movies/index.html.erb within layouts/application (2.8ms)
Completed 200 OK in 36ms (Views: 35.8ms | ActiveRecord: 0.2ms)


Started GET "/assets/movies.css?body=1" for 127.0.0.1 at 2015-07-21 21:37:04 -0400


Started GET "/assets/actors.css?body=1" for 127.0.0.1 at 2015-07-21 21:37:04 -0400


Started GET "/assets/application.css?body=1" for 127.0.0.1 at 2015-07-21 21:37:04 -0400


Started GET "/assets/actors.js?body=1" for 127.0.0.1 at 2015-07-21 21:37:04 -0400


Started GET "/assets/jquery_ujs.js?body=1" for 127.0.0.1 at 2015-07-21 21:37:04 -0400


Started GET "/assets/turbolinks.js?body=1" for 127.0.0.1 at 2015-07-21 21:37:04 -0400


Started GET "/assets/application.js?body=1" for 127.0.0.1 at 2015-07-21 21:37:04 -0400


Started GET "/assets/movies.js?body=1" for 127.0.0.1 at 2015-07-21 21:37:04 -0400


Started GET "/assets/jquery.js?body=1" for 127.0.0.1 at 2015-07-21 21:37:04 -0400


Started GET "/assets/communication.js?body=1" for 127.0.0.1 at 2015-07-21 21:37:04 -0400


Started GET "/movies/1" for 127.0.0.1 at 2015-07-21 21:37:06 -0400
Processing by MoviesController#show as HTML
  Parameters: {"id"=>"1"}
  [1m[36mMovie Load (0.1ms)[0m  [1mSELECT  "movies".* FROM "movies"  WHERE "movies"."id" = ? LIMIT 1[0m  [["id", 1]]
  [1m[35mActor Load (0.1ms)[0m  SELECT "actors".* FROM "actors" INNER JOIN "parts" ON "actors"."id" = "parts"."actor_id" WHERE "parts"."movie_id" = ?  [["movie_id", 1]]
  Rendered movies/show.html.erb within layouts/application (1.1ms)
Completed 200 OK in 43ms (Views: 40.9ms | ActiveRecord: 0.2ms)


Started GET "/movies" for 127.0.0.1 at 2015-07-21 21:37:50 -0400
Processing by MoviesController#index as HTML
  [1m[36mMovie Load (0.3ms)[0m  [1mSELECT "movies".* FROM "movies"[0m
  Rendered movies/index.html.erb within layouts/application (16.7ms)
Completed 500 Internal Server Error in 20ms

ActionView::Template::Error (undefined method `title' for #<Movie::ActiveRecord_Relation:0x007f900bc56c08>):
    2:   <div class="container">
    3:     <h2>Interstellar</h2>
    4:     <p>Former NASA pilot Cooper (Matthew McConaughey) and a team of researchers travel across the galaxy to find out which of three planets could be mankind's new home.</p>
    5:     <a href="#">Read More <%= @movies.title %></a>
    6:   </div>
    7: </div>
    8: 
  app/views/movies/index.html.erb:5:in `_app_views_movies_index_html_erb__3849022247749265220_70128324748200'


  Rendered /Users/bbier/.rbenv/versions/2.2.1/lib/ruby/gems/2.2.0/gems/actionpack-4.1.1/lib/action_dispatch/middleware/templates/rescues/_trace.html.erb (1.2ms)
  Rendered /Users/bbier/.rbenv/versions/2.2.1/lib/ruby/gems/2.2.0/gems/actionpack-4.1.1/lib/action_dispatch/middleware/templates/rescues/_request_and_response.html.erb (0.9ms)
  Rendered /Users/bbier/.rbenv/versions/2.2.1/lib/ruby/gems/2.2.0/gems/actionpack-4.1.1/lib/action_dispatch/middleware/templates/rescues/template_error.html.erb within rescues/layout (38.3ms)


Started GET "/movies" for 127.0.0.1 at 2015-07-21 21:38:04 -0400
Processing by MoviesController#index as HTML
  [1m[35mMovie Load (0.2ms)[0m  SELECT "movies".* FROM "movies"
  Rendered movies/index.html.erb within layouts/application (3.2ms)
Completed 500 Internal Server Error in 7ms

ActionView::Template::Error (undefined method `title' for #<Movie::ActiveRecord_Relation:0x007f900b5d8ac0>):
    2:   <div class="container">
    3:     <h2>Interstellar</h2>
    4:     <p>Former NASA pilot Cooper (Matthew McConaughey) and a team of researchers travel across the galaxy to find out which of three planets could be mankind's new home.</p>
    5:     <a href="#">Read More </a><%= @movies.title %>
    6:   </div>
    7: </div>
    8: 
  app/views/movies/index.html.erb:5:in `_app_views_movies_index_html_erb__3849022247749265220_70128321336660'


  Rendered /Users/bbier/.rbenv/versions/2.2.1/lib/ruby/gems/2.2.0/gems/actionpack-4.1.1/lib/action_dispatch/middleware/templates/rescues/_trace.html.erb (1.1ms)
  Rendered /Users/bbier/.rbenv/versions/2.2.1/lib/ruby/gems/2.2.0/gems/actionpack-4.1.1/lib/action_dispatch/middleware/templates/rescues/_request_and_response.html.erb (0.8ms)
  Rendered /Users/bbier/.rbenv/versions/2.2.1/lib/ruby/gems/2.2.0/gems/actionpack-4.1.1/lib/action_dispatch/middleware/templates/rescues/template_error.html.erb within rescues/layout (31.8ms)


Started GET "/movies" for 127.0.0.1 at 2015-07-21 21:38:11 -0400
Processing by MoviesController#index as HTML
  [1m[36mMovie Load (0.2ms)[0m  [1mSELECT "movies".* FROM "movies"[0m
  Rendered movies/index.html.erb within layouts/application (2.4ms)
Completed 200 OK in 44ms (Views: 43.3ms | ActiveRecord: 0.2ms)


Started GET "/assets/application.css?body=1" for 127.0.0.1 at 2015-07-21 21:38:11 -0400


Started GET "/assets/movies.css?body=1" for 127.0.0.1 at 2015-07-21 21:38:11 -0400


Started GET "/assets/jquery.js?body=1" for 127.0.0.1 at 2015-07-21 21:38:11 -0400


Started GET "/assets/jquery_ujs.js?body=1" for 127.0.0.1 at 2015-07-21 21:38:11 -0400


Started GET "/assets/turbolinks.js?body=1" for 127.0.0.1 at 2015-07-21 21:38:11 -0400


Started GET "/assets/actors.css?body=1" for 127.0.0.1 at 2015-07-21 21:38:11 -0400


Started GET "/assets/actors.js?body=1" for 127.0.0.1 at 2015-07-21 21:38:12 -0400


Started GET "/assets/communication.js?body=1" for 127.0.0.1 at 2015-07-21 21:38:12 -0400


Started GET "/assets/movies.js?body=1" for 127.0.0.1 at 2015-07-21 21:38:12 -0400


Started GET "/assets/application.js?body=1" for 127.0.0.1 at 2015-07-21 21:38:12 -0400


Started GET "/movies/1" for 127.0.0.1 at 2015-07-21 21:38:13 -0400
Processing by MoviesController#show as HTML
  Parameters: {"id"=>"1"}
  [1m[35mMovie Load (0.1ms)[0m  SELECT  "movies".* FROM "movies"  WHERE "movies"."id" = ? LIMIT 1  [["id", 1]]
  [1m[36mActor Load (0.3ms)[0m  [1mSELECT "actors".* FROM "actors" INNER JOIN "parts" ON "actors"."id" = "parts"."actor_id" WHERE "parts"."movie_id" = ?[0m  [["movie_id", 1]]
  Rendered movies/show.html.erb within layouts/application (1.9ms)
Completed 200 OK in 46ms (Views: 44.0ms | ActiveRecord: 0.4ms)
